{"/Users/augustogalvanmartin/Downloads/fisiotoolsaas/backend/controllers/adminController.js": {"path":"/Users/augustogalvanmartin/Downloads/fisiotoolsaas/backend/controllers/adminController.js","statementMap":{"0":{"start":{"line":1,"column":26},"end":{"line":1,"column":55}},"1":{"start":{"line":2,"column":19},"end":{"line":2,"column":52}},"2":{"start":{"line":3,"column":24},"end":{"line":3,"column":60}},"3":{"start":{"line":4,"column":20},"end":{"line":4,"column":44}},"4":{"start":{"line":7,"column":24},"end":{"line":11,"column":1}},"5":{"start":{"line":8,"column":12},"end":{"line":8,"column":49}},"6":{"start":{"line":9,"column":12},"end":{"line":9,"column":49}},"7":{"start":{"line":10,"column":2},"end":{"line":10,"column":27}},"8":{"start":{"line":13,"column":21},"end":{"line":38,"column":1}},"9":{"start":{"line":14,"column":14},"end":{"line":14,"column":16}},"10":{"start":{"line":15,"column":12},"end":{"line":15,"column":14}},"11":{"start":{"line":16,"column":17},"end":{"line":16,"column":22}},"12":{"start":{"line":17,"column":2},"end":{"line":35,"column":3}},"13":{"start":{"line":17,"column":15},"end":{"line":17,"column":16}},"14":{"start":{"line":18,"column":15},"end":{"line":18,"column":22}},"15":{"start":{"line":19,"column":4},"end":{"line":28,"column":5}},"16":{"start":{"line":21,"column":6},"end":{"line":26,"column":7}},"17":{"start":{"line":22,"column":8},"end":{"line":22,"column":19}},"18":{"start":{"line":23,"column":8},"end":{"line":23,"column":12}},"19":{"start":{"line":25,"column":8},"end":{"line":25,"column":29}},"20":{"start":{"line":27,"column":6},"end":{"line":27,"column":15}},"21":{"start":{"line":29,"column":4},"end":{"line":33,"column":5}},"22":{"start":{"line":30,"column":6},"end":{"line":30,"column":20}},"23":{"start":{"line":31,"column":6},"end":{"line":31,"column":15}},"24":{"start":{"line":32,"column":6},"end":{"line":32,"column":15}},"25":{"start":{"line":34,"column":4},"end":{"line":34,"column":14}},"26":{"start":{"line":36,"column":2},"end":{"line":36,"column":16}},"27":{"start":{"line":37,"column":2},"end":{"line":37,"column":48}},"28":{"start":{"line":37,"column":24},"end":{"line":37,"column":46}},"29":{"start":{"line":40,"column":17},"end":{"line":57,"column":1}},"30":{"start":{"line":41,"column":14},"end":{"line":41,"column":32}},"31":{"start":{"line":42,"column":16},"end":{"line":42,"column":71}},"32":{"start":{"line":42,"column":46},"end":{"line":42,"column":54}},"33":{"start":{"line":43,"column":2},"end":{"line":43,"column":31}},"34":{"start":{"line":43,"column":21},"end":{"line":43,"column":31}},"35":{"start":{"line":44,"column":20},"end":{"line":44,"column":45}},"36":{"start":{"line":45,"column":18},"end":{"line":47,"column":20}},"37":{"start":{"line":46,"column":16},"end":{"line":46,"column":59}},"38":{"start":{"line":48,"column":15},"end":{"line":48,"column":17}},"39":{"start":{"line":49,"column":2},"end":{"line":55,"column":3}},"40":{"start":{"line":49,"column":15},"end":{"line":49,"column":16}},"41":{"start":{"line":50,"column":17},"end":{"line":50,"column":50}},"42":{"start":{"line":51,"column":4},"end":{"line":51,"column":54}},"43":{"start":{"line":51,"column":26},"end":{"line":51,"column":42}},"44":{"start":{"line":51,"column":45},"end":{"line":51,"column":54}},"45":{"start":{"line":52,"column":16},"end":{"line":52,"column":18}},"46":{"start":{"line":53,"column":4},"end":{"line":53,"column":77}},"47":{"start":{"line":53,"column":17},"end":{"line":53,"column":18}},"48":{"start":{"line":53,"column":45},"end":{"line":53,"column":77}},"49":{"start":{"line":54,"column":4},"end":{"line":54,"column":19}},"50":{"start":{"line":56,"column":2},"end":{"line":56,"column":14}},"51":{"start":{"line":59,"column":13},"end":{"line":65,"column":1}},"52":{"start":{"line":60,"column":2},"end":{"line":63,"column":3}},"53":{"start":{"line":61,"column":14},"end":{"line":61,"column":20}},"54":{"start":{"line":62,"column":4},"end":{"line":62,"column":63}},"55":{"start":{"line":62,"column":39},"end":{"line":62,"column":63}},"56":{"start":{"line":64,"column":2},"end":{"line":64,"column":12}},"57":{"start":{"line":67,"column":28},"end":{"line":75,"column":1}},"58":{"start":{"line":68,"column":12},"end":{"line":68,"column":48}},"59":{"start":{"line":69,"column":2},"end":{"line":69,"column":29}},"60":{"start":{"line":69,"column":10},"end":{"line":69,"column":29}},"61":{"start":{"line":70,"column":2},"end":{"line":70,"column":79}},"62":{"start":{"line":70,"column":60},"end":{"line":70,"column":79}},"63":{"start":{"line":71,"column":2},"end":{"line":71,"column":124}},"64":{"start":{"line":71,"column":104},"end":{"line":71,"column":124}},"65":{"start":{"line":72,"column":2},"end":{"line":72,"column":81}},"66":{"start":{"line":72,"column":61},"end":{"line":72,"column":81}},"67":{"start":{"line":73,"column":2},"end":{"line":73,"column":92}},"68":{"start":{"line":73,"column":72},"end":{"line":73,"column":92}},"69":{"start":{"line":74,"column":2},"end":{"line":74,"column":32}},"70":{"start":{"line":77,"column":26},"end":{"line":82,"column":1}},"71":{"start":{"line":78,"column":12},"end":{"line":78,"column":48}},"72":{"start":{"line":79,"column":2},"end":{"line":79,"column":28}},"73":{"start":{"line":79,"column":10},"end":{"line":79,"column":28}},"74":{"start":{"line":80,"column":2},"end":{"line":80,"column":86}},"75":{"start":{"line":80,"column":66},"end":{"line":80,"column":86}},"76":{"start":{"line":81,"column":2},"end":{"line":81,"column":20}},"77":{"start":{"line":85,"column":29},"end":{"line":85,"column":44}},"78":{"start":{"line":85,"column":37},"end":{"line":85,"column":44}},"79":{"start":{"line":88,"column":23},"end":{"line":232,"column":1}},"80":{"start":{"line":89,"column":2},"end":{"line":231,"column":26}},"81":{"start":{"line":90,"column":107},"end":{"line":100,"column":6}},"82":{"start":{"line":102,"column":23},"end":{"line":110,"column":5}},"83":{"start":{"line":111,"column":26},"end":{"line":111,"column":79}},"84":{"start":{"line":111,"column":33},"end":{"line":111,"column":79}},"85":{"start":{"line":112,"column":23},"end":{"line":112,"column":114}},"86":{"start":{"line":112,"column":34},"end":{"line":112,"column":113}},"87":{"start":{"line":113,"column":23},"end":{"line":128,"column":5}},"88":{"start":{"line":114,"column":6},"end":{"line":127,"column":7}},"89":{"start":{"line":115,"column":8},"end":{"line":115,"column":27}},"90":{"start":{"line":115,"column":17},"end":{"line":115,"column":27}},"91":{"start":{"line":117,"column":8},"end":{"line":120,"column":30}},"92":{"start":{"line":117,"column":23},"end":{"line":117,"column":39}},"93":{"start":{"line":118,"column":13},"end":{"line":120,"column":30}},"94":{"start":{"line":118,"column":41},"end":{"line":118,"column":58}},"95":{"start":{"line":119,"column":13},"end":{"line":120,"column":30}},"96":{"start":{"line":119,"column":30},"end":{"line":119,"column":63}},"97":{"start":{"line":120,"column":13},"end":{"line":120,"column":30}},"98":{"start":{"line":121,"column":8},"end":{"line":121,"column":49}},"99":{"start":{"line":121,"column":39},"end":{"line":121,"column":49}},"100":{"start":{"line":122,"column":18},"end":{"line":122,"column":33}},"101":{"start":{"line":123,"column":18},"end":{"line":123,"column":59}},"102":{"start":{"line":124,"column":8},"end":{"line":124,"column":27}},"103":{"start":{"line":126,"column":8},"end":{"line":126,"column":18}},"104":{"start":{"line":130,"column":14},"end":{"line":130,"column":15}},"105":{"start":{"line":131,"column":19},"end":{"line":131,"column":21}},"106":{"start":{"line":132,"column":22},"end":{"line":132,"column":24}},"107":{"start":{"line":133,"column":4},"end":{"line":140,"column":7}},"108":{"start":{"line":134,"column":18},"end":{"line":134,"column":34}},"109":{"start":{"line":135,"column":19},"end":{"line":135,"column":42}},"110":{"start":{"line":136,"column":20},"end":{"line":136,"column":43}},"111":{"start":{"line":137,"column":6},"end":{"line":137,"column":19}},"112":{"start":{"line":138,"column":6},"end":{"line":138,"column":45}},"113":{"start":{"line":139,"column":6},"end":{"line":139,"column":55}},"114":{"start":{"line":142,"column":19},"end":{"line":142,"column":20}},"115":{"start":{"line":143,"column":4},"end":{"line":143,"column":73}},"116":{"start":{"line":143,"column":26},"end":{"line":143,"column":71}},"117":{"start":{"line":145,"column":21},"end":{"line":157,"column":6}},"118":{"start":{"line":146,"column":18},"end":{"line":146,"column":32}},"119":{"start":{"line":147,"column":6},"end":{"line":156,"column":8}},"120":{"start":{"line":159,"column":18},"end":{"line":177,"column":6}},"121":{"start":{"line":160,"column":18},"end":{"line":160,"column":32}},"122":{"start":{"line":161,"column":21},"end":{"line":161,"column":66}},"123":{"start":{"line":162,"column":19},"end":{"line":162,"column":63}},"124":{"start":{"line":163,"column":20},"end":{"line":163,"column":101}},"125":{"start":{"line":164,"column":27},"end":{"line":164,"column":84}},"126":{"start":{"line":165,"column":6},"end":{"line":176,"column":8}},"127":{"start":{"line":178,"column":23},"end":{"line":178,"column":35}},"128":{"start":{"line":179,"column":22},"end":{"line":179,"column":115}},"129":{"start":{"line":179,"column":42},"end":{"line":179,"column":107}},"130":{"start":{"line":180,"column":24},"end":{"line":180,"column":117}},"131":{"start":{"line":180,"column":44},"end":{"line":180,"column":109}},"132":{"start":{"line":181,"column":24},"end":{"line":181,"column":117}},"133":{"start":{"line":181,"column":44},"end":{"line":181,"column":109}},"134":{"start":{"line":182,"column":27},"end":{"line":182,"column":92}},"135":{"start":{"line":184,"column":4},"end":{"line":230,"column":7}},"136":{"start":{"line":202,"column":20},"end":{"line":202,"column":34}},"137":{"start":{"line":204,"column":38},"end":{"line":204,"column":41}},"138":{"start":{"line":205,"column":21},"end":{"line":205,"column":45}},"139":{"start":{"line":206,"column":8},"end":{"line":213,"column":10}},"140":{"start":{"line":216,"column":20},"end":{"line":216,"column":34}},"141":{"start":{"line":218,"column":8},"end":{"line":225,"column":10}},"142":{"start":{"line":227,"column":36},"end":{"line":227,"column":58}},"143":{"start":{"line":231,"column":16},"end":{"line":231,"column":24}},"144":{"start":{"line":235,"column":23},"end":{"line":249,"column":1}},"145":{"start":{"line":236,"column":2},"end":{"line":248,"column":61}},"146":{"start":{"line":238,"column":16},"end":{"line":238,"column":91}},"147":{"start":{"line":239,"column":17},"end":{"line":239,"column":41}},"148":{"start":{"line":240,"column":4},"end":{"line":240,"column":89}},"149":{"start":{"line":240,"column":15},"end":{"line":240,"column":89}},"150":{"start":{"line":241,"column":4},"end":{"line":246,"column":7}},"151":{"start":{"line":247,"column":4},"end":{"line":247,"column":32}},"152":{"start":{"line":248,"column":16},"end":{"line":248,"column":59}},"153":{"start":{"line":252,"column":21},"end":{"line":317,"column":1}},"154":{"start":{"line":253,"column":2},"end":{"line":316,"column":3}},"155":{"start":{"line":254,"column":17},"end":{"line":254,"column":85}},"156":{"start":{"line":255,"column":16},"end":{"line":255,"column":78}},"157":{"start":{"line":256,"column":20},"end":{"line":256,"column":44}},"158":{"start":{"line":257,"column":4},"end":{"line":257,"column":94}},"159":{"start":{"line":257,"column":18},"end":{"line":257,"column":94}},"160":{"start":{"line":258,"column":4},"end":{"line":258,"column":140}},"161":{"start":{"line":258,"column":49},"end":{"line":258,"column":140}},"162":{"start":{"line":260,"column":22},"end":{"line":260,"column":77}},"163":{"start":{"line":261,"column":4},"end":{"line":261,"column":107}},"164":{"start":{"line":261,"column":27},"end":{"line":261,"column":107}},"165":{"start":{"line":262,"column":19},"end":{"line":262,"column":41}},"166":{"start":{"line":263,"column":18},"end":{"line":263,"column":65}},"167":{"start":{"line":264,"column":26},"end":{"line":264,"column":92}},"168":{"start":{"line":265,"column":4},"end":{"line":265,"column":123}},"169":{"start":{"line":265,"column":40},"end":{"line":265,"column":123}},"170":{"start":{"line":267,"column":16},"end":{"line":267,"column":31}},"171":{"start":{"line":268,"column":23},"end":{"line":268,"column":82}},"172":{"start":{"line":269,"column":26},"end":{"line":269,"column":67}},"173":{"start":{"line":271,"column":26},"end":{"line":279,"column":5}},"174":{"start":{"line":280,"column":16},"end":{"line":280,"column":65}},"175":{"start":{"line":282,"column":4},"end":{"line":310,"column":5}},"176":{"start":{"line":283,"column":24},"end":{"line":283,"column":70}},"177":{"start":{"line":284,"column":6},"end":{"line":289,"column":9}},"178":{"start":{"line":290,"column":6},"end":{"line":290,"column":115}},"179":{"start":{"line":291,"column":6},"end":{"line":296,"column":9}},"180":{"start":{"line":298,"column":6},"end":{"line":303,"column":9}},"181":{"start":{"line":304,"column":6},"end":{"line":309,"column":9}},"182":{"start":{"line":312,"column":4},"end":{"line":312,"column":50}},"183":{"start":{"line":314,"column":4},"end":{"line":314,"column":38}},"184":{"start":{"line":315,"column":4},"end":{"line":315,"column":47}},"185":{"start":{"line":320,"column":23},"end":{"line":330,"column":1}},"186":{"start":{"line":321,"column":2},"end":{"line":329,"column":61}},"187":{"start":{"line":322,"column":30},"end":{"line":322,"column":38}},"188":{"start":{"line":323,"column":4},"end":{"line":327,"column":7}},"189":{"start":{"line":328,"column":4},"end":{"line":328,"column":32}},"190":{"start":{"line":329,"column":16},"end":{"line":329,"column":59}},"191":{"start":{"line":332,"column":24},"end":{"line":337,"column":1}},"192":{"start":{"line":333,"column":2},"end":{"line":336,"column":61}},"193":{"start":{"line":334,"column":22},"end":{"line":334,"column":67}},"194":{"start":{"line":335,"column":4},"end":{"line":335,"column":39}},"195":{"start":{"line":336,"column":16},"end":{"line":336,"column":59}},"196":{"start":{"line":339,"column":20},"end":{"line":371,"column":1}},"197":{"start":{"line":340,"column":2},"end":{"line":370,"column":79}},"198":{"start":{"line":341,"column":16},"end":{"line":341,"column":31}},"199":{"start":{"line":342,"column":19},"end":{"line":342,"column":42}},"200":{"start":{"line":343,"column":20},"end":{"line":343,"column":33}},"201":{"start":{"line":344,"column":18},"end":{"line":344,"column":43}},"202":{"start":{"line":345,"column":4},"end":{"line":345,"column":91}},"203":{"start":{"line":345,"column":18},"end":{"line":345,"column":91}},"204":{"start":{"line":346,"column":4},"end":{"line":346,"column":91}},"205":{"start":{"line":346,"column":16},"end":{"line":346,"column":91}},"206":{"start":{"line":347,"column":16},"end":{"line":347,"column":109}},"207":{"start":{"line":348,"column":21},"end":{"line":352,"column":6}},"208":{"start":{"line":353,"column":17},"end":{"line":353,"column":38}},"209":{"start":{"line":354,"column":4},"end":{"line":362,"column":5}},"210":{"start":{"line":355,"column":6},"end":{"line":361,"column":9}},"211":{"start":{"line":363,"column":4},"end":{"line":369,"column":7}},"212":{"start":{"line":370,"column":16},"end":{"line":370,"column":77}},"213":{"start":{"line":373,"column":18},"end":{"line":395,"column":1}},"214":{"start":{"line":374,"column":2},"end":{"line":394,"column":61}},"215":{"start":{"line":375,"column":14},"end":{"line":375,"column":28}},"216":{"start":{"line":376,"column":18},"end":{"line":376,"column":58}},"217":{"start":{"line":377,"column":17},"end":{"line":377,"column":55}},"218":{"start":{"line":378,"column":17},"end":{"line":378,"column":50}},"219":{"start":{"line":379,"column":4},"end":{"line":379,"column":107}},"220":{"start":{"line":379,"column":25},"end":{"line":379,"column":107}},"221":{"start":{"line":380,"column":14},"end":{"line":380,"column":28}},"222":{"start":{"line":381,"column":4},"end":{"line":381,"column":107}},"223":{"start":{"line":381,"column":35},"end":{"line":381,"column":107}},"224":{"start":{"line":383,"column":4},"end":{"line":392,"column":7}},"225":{"start":{"line":393,"column":4},"end":{"line":393,"column":32}},"226":{"start":{"line":394,"column":16},"end":{"line":394,"column":59}},"227":{"start":{"line":397,"column":20},"end":{"line":402,"column":1}},"228":{"start":{"line":398,"column":2},"end":{"line":401,"column":61}},"229":{"start":{"line":399,"column":4},"end":{"line":399,"column":70}},"230":{"start":{"line":400,"column":4},"end":{"line":400,"column":32}},"231":{"start":{"line":401,"column":16},"end":{"line":401,"column":59}},"232":{"start":{"line":404,"column":23},"end":{"line":450,"column":1}},"233":{"start":{"line":405,"column":2},"end":{"line":449,"column":61}},"234":{"start":{"line":406,"column":17},"end":{"line":406,"column":25}},"235":{"start":{"line":407,"column":4},"end":{"line":407,"column":91}},"236":{"start":{"line":407,"column":15},"end":{"line":407,"column":91}},"237":{"start":{"line":408,"column":4},"end":{"line":408,"column":132}},"238":{"start":{"line":408,"column":38},"end":{"line":408,"column":132}},"239":{"start":{"line":410,"column":41},"end":{"line":410,"column":71}},"240":{"start":{"line":413,"column":15},"end":{"line":413,"column":86}},"241":{"start":{"line":414,"column":21},"end":{"line":416,"column":20}},"242":{"start":{"line":417,"column":18},"end":{"line":417,"column":28}},"243":{"start":{"line":418,"column":17},"end":{"line":418,"column":56}},"244":{"start":{"line":419,"column":21},"end":{"line":419,"column":64}},"245":{"start":{"line":420,"column":23},"end":{"line":420,"column":27}},"246":{"start":{"line":421,"column":4},"end":{"line":433,"column":5}},"247":{"start":{"line":422,"column":31},"end":{"line":422,"column":68}},"248":{"start":{"line":423,"column":6},"end":{"line":428,"column":9}},"249":{"start":{"line":429,"column":6},"end":{"line":429,"column":30}},"250":{"start":{"line":432,"column":6},"end":{"line":432,"column":75}},"251":{"start":{"line":435,"column":16},"end":{"line":446,"column":6}},"252":{"start":{"line":448,"column":4},"end":{"line":448,"column":76}},"253":{"start":{"line":449,"column":16},"end":{"line":449,"column":59}},"254":{"start":{"line":453,"column":23},"end":{"line":482,"column":1}},"255":{"start":{"line":454,"column":2},"end":{"line":481,"column":3}},"256":{"start":{"line":455,"column":15},"end":{"line":455,"column":50}},"257":{"start":{"line":456,"column":4},"end":{"line":456,"column":84}},"258":{"start":{"line":456,"column":13},"end":{"line":456,"column":84}},"259":{"start":{"line":457,"column":16},"end":{"line":457,"column":73}},"260":{"start":{"line":458,"column":4},"end":{"line":458,"column":101}},"261":{"start":{"line":458,"column":21},"end":{"line":458,"column":101}},"262":{"start":{"line":459,"column":17},"end":{"line":459,"column":33}},"263":{"start":{"line":460,"column":17},"end":{"line":460,"column":52}},"264":{"start":{"line":461,"column":4},"end":{"line":461,"column":93}},"265":{"start":{"line":461,"column":15},"end":{"line":461,"column":93}},"266":{"start":{"line":463,"column":15},"end":{"line":463,"column":67}},"267":{"start":{"line":464,"column":17},"end":{"line":464,"column":96}},"268":{"start":{"line":466,"column":30},"end":{"line":466,"column":67}},"269":{"start":{"line":467,"column":4},"end":{"line":467,"column":38}},"270":{"start":{"line":468,"column":4},"end":{"line":468,"column":67}},"271":{"start":{"line":470,"column":4},"end":{"line":470,"column":73}},"272":{"start":{"line":472,"column":19},"end":{"line":472,"column":38}},"273":{"start":{"line":473,"column":4},"end":{"line":477,"column":7}},"274":{"start":{"line":474,"column":6},"end":{"line":474,"column":72}},"275":{"start":{"line":475,"column":6},"end":{"line":476,"column":21}},"276":{"start":{"line":475,"column":28},"end":{"line":475,"column":106}},"277":{"start":{"line":476,"column":11},"end":{"line":476,"column":21}},"278":{"start":{"line":478,"column":4},"end":{"line":478,"column":21}},"279":{"start":{"line":480,"column":4},"end":{"line":480,"column":70}},"280":{"start":{"line":485,"column":20},"end":{"line":538,"column":1}},"281":{"start":{"line":486,"column":2},"end":{"line":537,"column":3}},"282":{"start":{"line":487,"column":21},"end":{"line":487,"column":88}},"283":{"start":{"line":488,"column":17},"end":{"line":488,"column":25}},"284":{"start":{"line":489,"column":4},"end":{"line":489,"column":94}},"285":{"start":{"line":489,"column":15},"end":{"line":489,"column":94}},"286":{"start":{"line":490,"column":20},"end":{"line":490,"column":48}},"287":{"start":{"line":491,"column":17},"end":{"line":491,"column":34}},"288":{"start":{"line":492,"column":4},"end":{"line":492,"column":70}},"289":{"start":{"line":492,"column":22},"end":{"line":492,"column":70}},"290":{"start":{"line":494,"column":16},"end":{"line":494,"column":31}},"291":{"start":{"line":495,"column":16},"end":{"line":495,"column":38}},"292":{"start":{"line":497,"column":19},"end":{"line":497,"column":20}},"293":{"start":{"line":499,"column":4},"end":{"line":532,"column":5}},"294":{"start":{"line":499,"column":17},"end":{"line":499,"column":18}},"295":{"start":{"line":500,"column":20},"end":{"line":500,"column":42}},"296":{"start":{"line":501,"column":20},"end":{"line":501,"column":30}},"297":{"start":{"line":502,"column":6},"end":{"line":530,"column":9}},"298":{"start":{"line":503,"column":22},"end":{"line":503,"column":96}},"299":{"start":{"line":504,"column":22},"end":{"line":504,"column":96}},"300":{"start":{"line":505,"column":23},"end":{"line":505,"column":100}},"301":{"start":{"line":506,"column":24},"end":{"line":506,"column":113}},"302":{"start":{"line":507,"column":23},"end":{"line":507,"column":84}},"303":{"start":{"line":508,"column":8},"end":{"line":508,"column":37}},"304":{"start":{"line":508,"column":30},"end":{"line":508,"column":37}},"305":{"start":{"line":510,"column":20},"end":{"line":510,"column":29}},"306":{"start":{"line":511,"column":21},"end":{"line":511,"column":48}},"307":{"start":{"line":512,"column":8},"end":{"line":528,"column":11}},"308":{"start":{"line":529,"column":8},"end":{"line":529,"column":19}},"309":{"start":{"line":531,"column":6},"end":{"line":531,"column":27}},"310":{"start":{"line":534,"column":4},"end":{"line":534,"column":49}},"311":{"start":{"line":536,"column":4},"end":{"line":536,"column":70}},"312":{"start":{"line":541,"column":20},"end":{"line":552,"column":1}},"313":{"start":{"line":542,"column":2},"end":{"line":551,"column":3}},"314":{"start":{"line":543,"column":19},"end":{"line":543,"column":37}},"315":{"start":{"line":544,"column":4},"end":{"line":547,"column":24}},"316":{"start":{"line":548,"column":4},"end":{"line":548,"column":47}},"317":{"start":{"line":550,"column":4},"end":{"line":550,"column":70}},"318":{"start":{"line":555,"column":25},"end":{"line":574,"column":1}},"319":{"start":{"line":556,"column":2},"end":{"line":573,"column":3}},"320":{"start":{"line":557,"column":15},"end":{"line":557,"column":50}},"321":{"start":{"line":558,"column":4},"end":{"line":558,"column":84}},"322":{"start":{"line":558,"column":13},"end":{"line":558,"column":84}},"323":{"start":{"line":559,"column":20},"end":{"line":559,"column":76}},"324":{"start":{"line":560,"column":19},"end":{"line":560,"column":47}},"325":{"start":{"line":561,"column":18},"end":{"line":565,"column":5}},"326":{"start":{"line":567,"column":4},"end":{"line":567,"column":26}},"327":{"start":{"line":568,"column":4},"end":{"line":568,"column":107}},"328":{"start":{"line":568,"column":41},"end":{"line":568,"column":107}},"329":{"start":{"line":569,"column":4},"end":{"line":569,"column":69}},"330":{"start":{"line":570,"column":4},"end":{"line":570,"column":47}},"331":{"start":{"line":572,"column":4},"end":{"line":572,"column":70}},"332":{"start":{"line":577,"column":23},"end":{"line":614,"column":1}},"333":{"start":{"line":578,"column":2},"end":{"line":613,"column":3}},"334":{"start":{"line":579,"column":17},"end":{"line":579,"column":25}},"335":{"start":{"line":580,"column":4},"end":{"line":580,"column":92}},"336":{"start":{"line":580,"column":15},"end":{"line":580,"column":92}},"337":{"start":{"line":581,"column":4},"end":{"line":581,"column":132}},"338":{"start":{"line":581,"column":38},"end":{"line":581,"column":132}},"339":{"start":{"line":583,"column":15},"end":{"line":583,"column":56}},"340":{"start":{"line":584,"column":21},"end":{"line":584,"column":93}},"341":{"start":{"line":585,"column":18},"end":{"line":585,"column":28}},"342":{"start":{"line":586,"column":17},"end":{"line":586,"column":56}},"343":{"start":{"line":587,"column":21},"end":{"line":587,"column":68}},"344":{"start":{"line":589,"column":29},"end":{"line":589,"column":66}},"345":{"start":{"line":590,"column":4},"end":{"line":590,"column":121}},"346":{"start":{"line":592,"column":15},"end":{"line":592,"column":17}},"347":{"start":{"line":593,"column":4},"end":{"line":595,"column":5}},"348":{"start":{"line":594,"column":6},"end":{"line":594,"column":59}},"349":{"start":{"line":597,"column":27},"end":{"line":597,"column":44}},"350":{"start":{"line":598,"column":16},"end":{"line":608,"column":6}},"351":{"start":{"line":610,"column":4},"end":{"line":610,"column":67}},"352":{"start":{"line":612,"column":4},"end":{"line":612,"column":70}},"353":{"start":{"line":617,"column":20},"end":{"line":627,"column":1}},"354":{"start":{"line":618,"column":2},"end":{"line":626,"column":61}},"355":{"start":{"line":619,"column":21},"end":{"line":622,"column":12}},"356":{"start":{"line":624,"column":19},"end":{"line":624,"column":70}},"357":{"start":{"line":624,"column":43},"end":{"line":624,"column":68}},"358":{"start":{"line":625,"column":4},"end":{"line":625,"column":40}},"359":{"start":{"line":626,"column":16},"end":{"line":626,"column":59}},"360":{"start":{"line":629,"column":26},"end":{"line":675,"column":1}},"361":{"start":{"line":630,"column":2},"end":{"line":674,"column":61}},"362":{"start":{"line":631,"column":44},"end":{"line":631,"column":52}},"363":{"start":{"line":632,"column":26},"end":{"line":632,"column":67}},"364":{"start":{"line":635,"column":22},"end":{"line":640,"column":6}},"365":{"start":{"line":643,"column":23},"end":{"line":643,"column":114}},"366":{"start":{"line":644,"column":4},"end":{"line":646,"column":5}},"367":{"start":{"line":645,"column":6},"end":{"line":645,"column":134}},"368":{"start":{"line":649,"column":4},"end":{"line":655,"column":7}},"369":{"start":{"line":658,"column":4},"end":{"line":671,"column":18}},"370":{"start":{"line":659,"column":17},"end":{"line":659,"column":44}},"371":{"start":{"line":660,"column":6},"end":{"line":670,"column":7}},"372":{"start":{"line":661,"column":8},"end":{"line":669,"column":28}},"373":{"start":{"line":673,"column":4},"end":{"line":673,"column":52}},"374":{"start":{"line":674,"column":16},"end":{"line":674,"column":59}},"375":{"start":{"line":677,"column":26},"end":{"line":683,"column":1}},"376":{"start":{"line":678,"column":2},"end":{"line":682,"column":61}},"377":{"start":{"line":679,"column":27},"end":{"line":679,"column":68}},"378":{"start":{"line":680,"column":4},"end":{"line":680,"column":23}},"379":{"start":{"line":681,"column":4},"end":{"line":681,"column":72}},"380":{"start":{"line":682,"column":16},"end":{"line":682,"column":59}},"381":{"start":{"line":686,"column":28},"end":{"line":695,"column":1}},"382":{"start":{"line":687,"column":2},"end":{"line":694,"column":3}},"383":{"start":{"line":688,"column":33},"end":{"line":688,"column":76}},"384":{"start":{"line":689,"column":22},"end":{"line":689,"column":54}},"385":{"start":{"line":690,"column":14},"end":{"line":690,"column":51}},"386":{"start":{"line":691,"column":4},"end":{"line":691,"column":45}},"387":{"start":{"line":693,"column":4},"end":{"line":693,"column":70}},"388":{"start":{"line":698,"column":35},"end":{"line":708,"column":1}},"389":{"start":{"line":699,"column":2},"end":{"line":707,"column":3}},"390":{"start":{"line":700,"column":40},"end":{"line":700,"column":90}},"391":{"start":{"line":701,"column":23},"end":{"line":701,"column":57}},"392":{"start":{"line":702,"column":22},"end":{"line":702,"column":55}},"393":{"start":{"line":703,"column":14},"end":{"line":703,"column":70}},"394":{"start":{"line":704,"column":4},"end":{"line":704,"column":45}},"395":{"start":{"line":706,"column":4},"end":{"line":706,"column":70}},"396":{"start":{"line":711,"column":31},"end":{"line":720,"column":1}},"397":{"start":{"line":712,"column":2},"end":{"line":719,"column":3}},"398":{"start":{"line":713,"column":36},"end":{"line":713,"column":81}},"399":{"start":{"line":714,"column":22},"end":{"line":714,"column":55}},"400":{"start":{"line":715,"column":14},"end":{"line":715,"column":54}},"401":{"start":{"line":716,"column":4},"end":{"line":716,"column":45}},"402":{"start":{"line":718,"column":4},"end":{"line":718,"column":70}},"403":{"start":{"line":723,"column":20},"end":{"line":743,"column":1}},"404":{"start":{"line":724,"column":2},"end":{"line":742,"column":61}},"405":{"start":{"line":725,"column":15},"end":{"line":725,"column":49}},"406":{"start":{"line":726,"column":4},"end":{"line":726,"column":68}},"407":{"start":{"line":726,"column":13},"end":{"line":726,"column":68}},"408":{"start":{"line":727,"column":16},"end":{"line":727,"column":62}},"409":{"start":{"line":728,"column":4},"end":{"line":728,"column":86}},"410":{"start":{"line":728,"column":21},"end":{"line":728,"column":86}},"411":{"start":{"line":729,"column":17},"end":{"line":729,"column":33}},"412":{"start":{"line":730,"column":4},"end":{"line":741,"column":7}},"413":{"start":{"line":742,"column":16},"end":{"line":742,"column":59}},"414":{"start":{"line":745,"column":0},"end":{"line":774,"column":2}},"415":{"start":{"line":757,"column":4},"end":{"line":771,"column":18}},"416":{"start":{"line":758,"column":19},"end":{"line":758,"column":52}},"417":{"start":{"line":759,"column":6},"end":{"line":770,"column":7}},"418":{"start":{"line":760,"column":25},"end":{"line":760,"column":124}},"419":{"start":{"line":761,"column":8},"end":{"line":769,"column":9}},"420":{"start":{"line":762,"column":10},"end":{"line":768,"column":30}},"421":{"start":{"line":772,"column":4},"end":{"line":772,"column":39}}},"fnMap":{"0":{"name":"(anonymous_0)","decl":{"start":{"line":7,"column":24},"end":{"line":7,"column":25}},"loc":{"start":{"line":7,"column":40},"end":{"line":11,"column":1}},"line":7},"1":{"name":"(anonymous_1)","decl":{"start":{"line":13,"column":21},"end":{"line":13,"column":22}},"loc":{"start":{"line":13,"column":42},"end":{"line":38,"column":1}},"line":13},"2":{"name":"(anonymous_2)","decl":{"start":{"line":37,"column":17},"end":{"line":37,"column":18}},"loc":{"start":{"line":37,"column":24},"end":{"line":37,"column":46}},"line":37},"3":{"name":"(anonymous_3)","decl":{"start":{"line":40,"column":17},"end":{"line":40,"column":18}},"loc":{"start":{"line":40,"column":27},"end":{"line":57,"column":1}},"line":40},"4":{"name":"(anonymous_4)","decl":{"start":{"line":42,"column":39},"end":{"line":42,"column":40}},"loc":{"start":{"line":42,"column":46},"end":{"line":42,"column":54}},"line":42},"5":{"name":"(anonymous_5)","decl":{"start":{"line":46,"column":9},"end":{"line":46,"column":10}},"loc":{"start":{"line":46,"column":16},"end":{"line":46,"column":59}},"line":46},"6":{"name":"(anonymous_6)","decl":{"start":{"line":51,"column":19},"end":{"line":51,"column":20}},"loc":{"start":{"line":51,"column":26},"end":{"line":51,"column":42}},"line":51},"7":{"name":"(anonymous_7)","decl":{"start":{"line":59,"column":13},"end":{"line":59,"column":14}},"loc":{"start":{"line":59,"column":28},"end":{"line":65,"column":1}},"line":59},"8":{"name":"(anonymous_8)","decl":{"start":{"line":67,"column":28},"end":{"line":67,"column":29}},"loc":{"start":{"line":67,"column":35},"end":{"line":75,"column":1}},"line":67},"9":{"name":"(anonymous_9)","decl":{"start":{"line":77,"column":26},"end":{"line":77,"column":27}},"loc":{"start":{"line":77,"column":33},"end":{"line":82,"column":1}},"line":77},"10":{"name":"(anonymous_10)","decl":{"start":{"line":85,"column":29},"end":{"line":85,"column":30}},"loc":{"start":{"line":85,"column":37},"end":{"line":85,"column":44}},"line":85},"11":{"name":"(anonymous_11)","decl":{"start":{"line":88,"column":23},"end":{"line":88,"column":24}},"loc":{"start":{"line":88,"column":49},"end":{"line":232,"column":1}},"line":88},"12":{"name":"(anonymous_12)","decl":{"start":{"line":111,"column":26},"end":{"line":111,"column":27}},"loc":{"start":{"line":111,"column":33},"end":{"line":111,"column":79}},"line":111},"13":{"name":"(anonymous_13)","decl":{"start":{"line":112,"column":23},"end":{"line":112,"column":24}},"loc":{"start":{"line":112,"column":34},"end":{"line":112,"column":113}},"line":112},"14":{"name":"(anonymous_14)","decl":{"start":{"line":113,"column":23},"end":{"line":113,"column":24}},"loc":{"start":{"line":113,"column":31},"end":{"line":128,"column":5}},"line":113},"15":{"name":"(anonymous_15)","decl":{"start":{"line":133,"column":20},"end":{"line":133,"column":21}},"loc":{"start":{"line":133,"column":29},"end":{"line":140,"column":5}},"line":133},"16":{"name":"(anonymous_16)","decl":{"start":{"line":143,"column":21},"end":{"line":143,"column":22}},"loc":{"start":{"line":143,"column":26},"end":{"line":143,"column":71}},"line":143},"17":{"name":"(anonymous_17)","decl":{"start":{"line":145,"column":56},"end":{"line":145,"column":57}},"loc":{"start":{"line":145,"column":63},"end":{"line":157,"column":5}},"line":145},"18":{"name":"(anonymous_18)","decl":{"start":{"line":159,"column":37},"end":{"line":159,"column":38}},"loc":{"start":{"line":159,"column":44},"end":{"line":177,"column":5}},"line":159},"19":{"name":"(anonymous_19)","decl":{"start":{"line":179,"column":35},"end":{"line":179,"column":36}},"loc":{"start":{"line":179,"column":42},"end":{"line":179,"column":107}},"line":179},"20":{"name":"(anonymous_20)","decl":{"start":{"line":180,"column":37},"end":{"line":180,"column":38}},"loc":{"start":{"line":180,"column":44},"end":{"line":180,"column":109}},"line":180},"21":{"name":"(anonymous_21)","decl":{"start":{"line":181,"column":37},"end":{"line":181,"column":38}},"loc":{"start":{"line":181,"column":44},"end":{"line":181,"column":109}},"line":181},"22":{"name":"(anonymous_22)","decl":{"start":{"line":201,"column":33},"end":{"line":201,"column":34}},"loc":{"start":{"line":201,"column":40},"end":{"line":214,"column":7}},"line":201},"23":{"name":"(anonymous_23)","decl":{"start":{"line":215,"column":40},"end":{"line":215,"column":41}},"loc":{"start":{"line":215,"column":47},"end":{"line":226,"column":7}},"line":215},"24":{"name":"(anonymous_24)","decl":{"start":{"line":227,"column":30},"end":{"line":227,"column":31}},"loc":{"start":{"line":227,"column":36},"end":{"line":227,"column":58}},"line":227},"25":{"name":"(anonymous_25)","decl":{"start":{"line":235,"column":23},"end":{"line":235,"column":24}},"loc":{"start":{"line":235,"column":43},"end":{"line":249,"column":1}},"line":235},"26":{"name":"(anonymous_26)","decl":{"start":{"line":252,"column":21},"end":{"line":252,"column":22}},"loc":{"start":{"line":252,"column":41},"end":{"line":317,"column":1}},"line":252},"27":{"name":"(anonymous_27)","decl":{"start":{"line":320,"column":23},"end":{"line":320,"column":24}},"loc":{"start":{"line":320,"column":43},"end":{"line":330,"column":1}},"line":320},"28":{"name":"(anonymous_28)","decl":{"start":{"line":332,"column":24},"end":{"line":332,"column":25}},"loc":{"start":{"line":332,"column":44},"end":{"line":337,"column":1}},"line":332},"29":{"name":"(anonymous_29)","decl":{"start":{"line":339,"column":20},"end":{"line":339,"column":21}},"loc":{"start":{"line":339,"column":40},"end":{"line":371,"column":1}},"line":339},"30":{"name":"(anonymous_30)","decl":{"start":{"line":373,"column":18},"end":{"line":373,"column":19}},"loc":{"start":{"line":373,"column":38},"end":{"line":395,"column":1}},"line":373},"31":{"name":"(anonymous_31)","decl":{"start":{"line":397,"column":20},"end":{"line":397,"column":21}},"loc":{"start":{"line":397,"column":40},"end":{"line":402,"column":1}},"line":397},"32":{"name":"(anonymous_32)","decl":{"start":{"line":404,"column":23},"end":{"line":404,"column":24}},"loc":{"start":{"line":404,"column":43},"end":{"line":450,"column":1}},"line":404},"33":{"name":"(anonymous_33)","decl":{"start":{"line":453,"column":23},"end":{"line":453,"column":24}},"loc":{"start":{"line":453,"column":43},"end":{"line":482,"column":1}},"line":453},"34":{"name":"(anonymous_34)","decl":{"start":{"line":473,"column":23},"end":{"line":473,"column":24}},"loc":{"start":{"line":473,"column":32},"end":{"line":477,"column":5}},"line":473},"35":{"name":"(anonymous_35)","decl":{"start":{"line":485,"column":20},"end":{"line":485,"column":21}},"loc":{"start":{"line":485,"column":40},"end":{"line":538,"column":1}},"line":485},"36":{"name":"(anonymous_36)","decl":{"start":{"line":502,"column":20},"end":{"line":502,"column":21}},"loc":{"start":{"line":502,"column":29},"end":{"line":530,"column":7}},"line":502},"37":{"name":"(anonymous_37)","decl":{"start":{"line":541,"column":20},"end":{"line":541,"column":21}},"loc":{"start":{"line":541,"column":40},"end":{"line":552,"column":1}},"line":541},"38":{"name":"(anonymous_38)","decl":{"start":{"line":555,"column":25},"end":{"line":555,"column":26}},"loc":{"start":{"line":555,"column":45},"end":{"line":574,"column":1}},"line":555},"39":{"name":"(anonymous_39)","decl":{"start":{"line":577,"column":23},"end":{"line":577,"column":24}},"loc":{"start":{"line":577,"column":43},"end":{"line":614,"column":1}},"line":577},"40":{"name":"(anonymous_40)","decl":{"start":{"line":617,"column":20},"end":{"line":617,"column":21}},"loc":{"start":{"line":617,"column":40},"end":{"line":627,"column":1}},"line":617},"41":{"name":"(anonymous_41)","decl":{"start":{"line":624,"column":37},"end":{"line":624,"column":38}},"loc":{"start":{"line":624,"column":43},"end":{"line":624,"column":68}},"line":624},"42":{"name":"(anonymous_42)","decl":{"start":{"line":629,"column":26},"end":{"line":629,"column":27}},"loc":{"start":{"line":629,"column":46},"end":{"line":675,"column":1}},"line":629},"43":{"name":"(anonymous_43)","decl":{"start":{"line":677,"column":26},"end":{"line":677,"column":27}},"loc":{"start":{"line":677,"column":46},"end":{"line":683,"column":1}},"line":677},"44":{"name":"(anonymous_44)","decl":{"start":{"line":686,"column":28},"end":{"line":686,"column":29}},"loc":{"start":{"line":686,"column":48},"end":{"line":695,"column":1}},"line":686},"45":{"name":"(anonymous_45)","decl":{"start":{"line":698,"column":35},"end":{"line":698,"column":36}},"loc":{"start":{"line":698,"column":55},"end":{"line":708,"column":1}},"line":698},"46":{"name":"(anonymous_46)","decl":{"start":{"line":711,"column":31},"end":{"line":711,"column":32}},"loc":{"start":{"line":711,"column":51},"end":{"line":720,"column":1}},"line":711},"47":{"name":"(anonymous_47)","decl":{"start":{"line":723,"column":20},"end":{"line":723,"column":21}},"loc":{"start":{"line":723,"column":40},"end":{"line":743,"column":1}},"line":723},"48":{"name":"(anonymous_48)","decl":{"start":{"line":756,"column":26},"end":{"line":756,"column":27}},"loc":{"start":{"line":756,"column":46},"end":{"line":773,"column":3}},"line":756}},"branchMap":{"0":{"loc":{"start":{"line":8,"column":13},"end":{"line":8,"column":41}},"type":"binary-expr","locations":[{"start":{"line":8,"column":13},"end":{"line":8,"column":35}},{"start":{"line":8,"column":39},"end":{"line":8,"column":41}}],"line":8},"1":{"loc":{"start":{"line":9,"column":13},"end":{"line":9,"column":41}},"type":"binary-expr","locations":[{"start":{"line":9,"column":13},"end":{"line":9,"column":35}},{"start":{"line":9,"column":39},"end":{"line":9,"column":41}}],"line":9},"2":{"loc":{"start":{"line":10,"column":9},"end":{"line":10,"column":26}},"type":"cond-expr","locations":[{"start":{"line":10,"column":17},"end":{"line":10,"column":20}},{"start":{"line":10,"column":23},"end":{"line":10,"column":26}}],"line":10},"3":{"loc":{"start":{"line":19,"column":4},"end":{"line":28,"column":5}},"type":"if","locations":[{"start":{"line":19,"column":4},"end":{"line":28,"column":5}},{"start":{},"end":{}}],"line":19},"4":{"loc":{"start":{"line":21,"column":6},"end":{"line":26,"column":7}},"type":"if","locations":[{"start":{"line":21,"column":6},"end":{"line":26,"column":7}},{"start":{"line":24,"column":13},"end":{"line":26,"column":7}}],"line":21},"5":{"loc":{"start":{"line":21,"column":10},"end":{"line":21,"column":41}},"type":"binary-expr","locations":[{"start":{"line":21,"column":10},"end":{"line":21,"column":18}},{"start":{"line":21,"column":22},"end":{"line":21,"column":41}}],"line":21},"6":{"loc":{"start":{"line":29,"column":4},"end":{"line":33,"column":5}},"type":"if","locations":[{"start":{"line":29,"column":4},"end":{"line":33,"column":5}},{"start":{},"end":{}}],"line":29},"7":{"loc":{"start":{"line":29,"column":8},"end":{"line":29,"column":37}},"type":"binary-expr","locations":[{"start":{"line":29,"column":8},"end":{"line":29,"column":17}},{"start":{"line":29,"column":21},"end":{"line":29,"column":37}}],"line":29},"8":{"loc":{"start":{"line":37,"column":31},"end":{"line":37,"column":38}},"type":"binary-expr","locations":[{"start":{"line":37,"column":31},"end":{"line":37,"column":32}},{"start":{"line":37,"column":36},"end":{"line":37,"column":38}}],"line":37},"9":{"loc":{"start":{"line":41,"column":21},"end":{"line":41,"column":31}},"type":"binary-expr","locations":[{"start":{"line":41,"column":21},"end":{"line":41,"column":25}},{"start":{"line":41,"column":29},"end":{"line":41,"column":31}}],"line":41},"10":{"loc":{"start":{"line":43,"column":2},"end":{"line":43,"column":31}},"type":"if","locations":[{"start":{"line":43,"column":2},"end":{"line":43,"column":31}},{"start":{},"end":{}}],"line":43},"11":{"loc":{"start":{"line":51,"column":4},"end":{"line":51,"column":54}},"type":"if","locations":[{"start":{"line":51,"column":4},"end":{"line":51,"column":54}},{"start":{},"end":{}}],"line":51},"12":{"loc":{"start":{"line":53,"column":63},"end":{"line":53,"column":76}},"type":"binary-expr","locations":[{"start":{"line":53,"column":63},"end":{"line":53,"column":70}},{"start":{"line":53,"column":74},"end":{"line":53,"column":76}}],"line":53},"13":{"loc":{"start":{"line":62,"column":4},"end":{"line":62,"column":63}},"type":"if","locations":[{"start":{"line":62,"column":4},"end":{"line":62,"column":63}},{"start":{},"end":{}}],"line":62},"14":{"loc":{"start":{"line":62,"column":8},"end":{"line":62,"column":37}},"type":"binary-expr","locations":[{"start":{"line":62,"column":8},"end":{"line":62,"column":17}},{"start":{"line":62,"column":21},"end":{"line":62,"column":37}}],"line":62},"15":{"loc":{"start":{"line":68,"column":19},"end":{"line":68,"column":26}},"type":"binary-expr","locations":[{"start":{"line":68,"column":19},"end":{"line":68,"column":20}},{"start":{"line":68,"column":24},"end":{"line":68,"column":26}}],"line":68},"16":{"loc":{"start":{"line":69,"column":2},"end":{"line":69,"column":29}},"type":"if","locations":[{"start":{"line":69,"column":2},"end":{"line":69,"column":29}},{"start":{},"end":{}}],"line":69},"17":{"loc":{"start":{"line":70,"column":2},"end":{"line":70,"column":79}},"type":"if","locations":[{"start":{"line":70,"column":2},"end":{"line":70,"column":79}},{"start":{},"end":{}}],"line":70},"18":{"loc":{"start":{"line":71,"column":2},"end":{"line":71,"column":124}},"type":"if","locations":[{"start":{"line":71,"column":2},"end":{"line":71,"column":124}},{"start":{},"end":{}}],"line":71},"19":{"loc":{"start":{"line":72,"column":2},"end":{"line":72,"column":81}},"type":"if","locations":[{"start":{"line":72,"column":2},"end":{"line":72,"column":81}},{"start":{},"end":{}}],"line":72},"20":{"loc":{"start":{"line":73,"column":2},"end":{"line":73,"column":92}},"type":"if","locations":[{"start":{"line":73,"column":2},"end":{"line":73,"column":92}},{"start":{},"end":{}}],"line":73},"21":{"loc":{"start":{"line":78,"column":19},"end":{"line":78,"column":26}},"type":"binary-expr","locations":[{"start":{"line":78,"column":19},"end":{"line":78,"column":20}},{"start":{"line":78,"column":24},"end":{"line":78,"column":26}}],"line":78},"22":{"loc":{"start":{"line":79,"column":2},"end":{"line":79,"column":28}},"type":"if","locations":[{"start":{"line":79,"column":2},"end":{"line":79,"column":28}},{"start":{},"end":{}}],"line":79},"23":{"loc":{"start":{"line":80,"column":2},"end":{"line":80,"column":86}},"type":"if","locations":[{"start":{"line":80,"column":2},"end":{"line":80,"column":86}},{"start":{},"end":{}}],"line":80},"24":{"loc":{"start":{"line":111,"column":33},"end":{"line":111,"column":79}},"type":"binary-expr","locations":[{"start":{"line":111,"column":33},"end":{"line":111,"column":69}},{"start":{"line":111,"column":73},"end":{"line":111,"column":79}}],"line":111},"25":{"loc":{"start":{"line":111,"column":40},"end":{"line":111,"column":47}},"type":"binary-expr","locations":[{"start":{"line":111,"column":40},"end":{"line":111,"column":41}},{"start":{"line":111,"column":45},"end":{"line":111,"column":47}}],"line":111},"26":{"loc":{"start":{"line":112,"column":34},"end":{"line":112,"column":113}},"type":"cond-expr","locations":[{"start":{"line":112,"column":97},"end":{"line":112,"column":103}},{"start":{"line":112,"column":106},"end":{"line":112,"column":113}}],"line":112},"27":{"loc":{"start":{"line":112,"column":34},"end":{"line":112,"column":94}},"type":"binary-expr","locations":[{"start":{"line":112,"column":34},"end":{"line":112,"column":49}},{"start":{"line":112,"column":53},"end":{"line":112,"column":76}},{"start":{"line":112,"column":80},"end":{"line":112,"column":94}}],"line":112},"28":{"loc":{"start":{"line":115,"column":8},"end":{"line":115,"column":27}},"type":"if","locations":[{"start":{"line":115,"column":8},"end":{"line":115,"column":27}},{"start":{},"end":{}}],"line":115},"29":{"loc":{"start":{"line":117,"column":8},"end":{"line":120,"column":30}},"type":"if","locations":[{"start":{"line":117,"column":8},"end":{"line":120,"column":30}},{"start":{"line":118,"column":13},"end":{"line":120,"column":30}}],"line":117},"30":{"loc":{"start":{"line":118,"column":13},"end":{"line":120,"column":30}},"type":"if","locations":[{"start":{"line":118,"column":13},"end":{"line":120,"column":30}},{"start":{"line":119,"column":13},"end":{"line":120,"column":30}}],"line":118},"31":{"loc":{"start":{"line":119,"column":13},"end":{"line":120,"column":30}},"type":"if","locations":[{"start":{"line":119,"column":13},"end":{"line":120,"column":30}},{"start":{"line":120,"column":13},"end":{"line":120,"column":30}}],"line":119},"32":{"loc":{"start":{"line":121,"column":8},"end":{"line":121,"column":49}},"type":"if","locations":[{"start":{"line":121,"column":8},"end":{"line":121,"column":49}},{"start":{},"end":{}}],"line":121},"33":{"loc":{"start":{"line":134,"column":18},"end":{"line":134,"column":34}},"type":"binary-expr","locations":[{"start":{"line":134,"column":18},"end":{"line":134,"column":28}},{"start":{"line":134,"column":32},"end":{"line":134,"column":34}}],"line":134},"34":{"loc":{"start":{"line":136,"column":20},"end":{"line":136,"column":43}},"type":"binary-expr","locations":[{"start":{"line":136,"column":20},"end":{"line":136,"column":36}},{"start":{"line":136,"column":40},"end":{"line":136,"column":43}}],"line":136},"35":{"loc":{"start":{"line":138,"column":22},"end":{"line":138,"column":39}},"type":"binary-expr","locations":[{"start":{"line":138,"column":22},"end":{"line":138,"column":34}},{"start":{"line":138,"column":38},"end":{"line":138,"column":39}}],"line":138},"36":{"loc":{"start":{"line":139,"column":25},"end":{"line":139,"column":45}},"type":"binary-expr","locations":[{"start":{"line":139,"column":25},"end":{"line":139,"column":40}},{"start":{"line":139,"column":44},"end":{"line":139,"column":45}}],"line":139},"37":{"loc":{"start":{"line":143,"column":39},"end":{"line":143,"column":70}},"type":"binary-expr","locations":[{"start":{"line":143,"column":39},"end":{"line":143,"column":65}},{"start":{"line":143,"column":69},"end":{"line":143,"column":70}}],"line":143},"38":{"loc":{"start":{"line":145,"column":22},"end":{"line":145,"column":50}},"type":"binary-expr","locations":[{"start":{"line":145,"column":22},"end":{"line":145,"column":44}},{"start":{"line":145,"column":48},"end":{"line":145,"column":50}}],"line":145},"39":{"loc":{"start":{"line":146,"column":18},"end":{"line":146,"column":32}},"type":"binary-expr","locations":[{"start":{"line":146,"column":18},"end":{"line":146,"column":26}},{"start":{"line":146,"column":30},"end":{"line":146,"column":32}}],"line":146},"40":{"loc":{"start":{"line":149,"column":17},"end":{"line":149,"column":61}},"type":"binary-expr","locations":[{"start":{"line":149,"column":17},"end":{"line":149,"column":38}},{"start":{"line":149,"column":42},"end":{"line":149,"column":53}},{"start":{"line":149,"column":57},"end":{"line":149,"column":61}}],"line":149},"41":{"loc":{"start":{"line":150,"column":16},"end":{"line":150,"column":35}},"type":"binary-expr","locations":[{"start":{"line":150,"column":16},"end":{"line":150,"column":26}},{"start":{"line":150,"column":30},"end":{"line":150,"column":35}}],"line":150},"42":{"loc":{"start":{"line":151,"column":15},"end":{"line":151,"column":50}},"type":"binary-expr","locations":[{"start":{"line":151,"column":15},"end":{"line":151,"column":24}},{"start":{"line":151,"column":28},"end":{"line":151,"column":42}},{"start":{"line":151,"column":46},"end":{"line":151,"column":50}}],"line":151},"43":{"loc":{"start":{"line":152,"column":15},"end":{"line":152,"column":51}},"type":"binary-expr","locations":[{"start":{"line":152,"column":15},"end":{"line":152,"column":33}},{"start":{"line":152,"column":37},"end":{"line":152,"column":45}},{"start":{"line":152,"column":49},"end":{"line":152,"column":51}}],"line":152},"44":{"loc":{"start":{"line":153,"column":19},"end":{"line":153,"column":40}},"type":"binary-expr","locations":[{"start":{"line":153,"column":19},"end":{"line":153,"column":32}},{"start":{"line":153,"column":36},"end":{"line":153,"column":40}}],"line":153},"45":{"loc":{"start":{"line":154,"column":19},"end":{"line":154,"column":40}},"type":"binary-expr","locations":[{"start":{"line":154,"column":19},"end":{"line":154,"column":32}},{"start":{"line":154,"column":36},"end":{"line":154,"column":40}}],"line":154},"46":{"loc":{"start":{"line":155,"column":19},"end":{"line":155,"column":40}},"type":"binary-expr","locations":[{"start":{"line":155,"column":19},"end":{"line":155,"column":32}},{"start":{"line":155,"column":36},"end":{"line":155,"column":40}}],"line":155},"47":{"loc":{"start":{"line":160,"column":18},"end":{"line":160,"column":32}},"type":"binary-expr","locations":[{"start":{"line":160,"column":18},"end":{"line":160,"column":26}},{"start":{"line":160,"column":30},"end":{"line":160,"column":32}}],"line":160},"48":{"loc":{"start":{"line":161,"column":41},"end":{"line":161,"column":65}},"type":"binary-expr","locations":[{"start":{"line":161,"column":41},"end":{"line":161,"column":51}},{"start":{"line":161,"column":55},"end":{"line":161,"column":65}}],"line":161},"49":{"loc":{"start":{"line":162,"column":37},"end":{"line":162,"column":62}},"type":"binary-expr","locations":[{"start":{"line":162,"column":37},"end":{"line":162,"column":45}},{"start":{"line":162,"column":49},"end":{"line":162,"column":62}}],"line":162},"50":{"loc":{"start":{"line":163,"column":41},"end":{"line":163,"column":100}},"type":"binary-expr","locations":[{"start":{"line":163,"column":41},"end":{"line":163,"column":50}},{"start":{"line":163,"column":54},"end":{"line":163,"column":65}},{"start":{"line":163,"column":69},"end":{"line":163,"column":89}},{"start":{"line":163,"column":93},"end":{"line":163,"column":100}}],"line":163},"51":{"loc":{"start":{"line":164,"column":34},"end":{"line":164,"column":76}},"type":"binary-expr","locations":[{"start":{"line":164,"column":34},"end":{"line":164,"column":51}},{"start":{"line":164,"column":55},"end":{"line":164,"column":70}},{"start":{"line":164,"column":74},"end":{"line":164,"column":76}}],"line":164},"52":{"loc":{"start":{"line":179,"column":49},"end":{"line":179,"column":75}},"type":"binary-expr","locations":[{"start":{"line":179,"column":49},"end":{"line":179,"column":57}},{"start":{"line":179,"column":61},"end":{"line":179,"column":69}},{"start":{"line":179,"column":73},"end":{"line":179,"column":75}}],"line":179},"53":{"loc":{"start":{"line":180,"column":51},"end":{"line":180,"column":77}},"type":"binary-expr","locations":[{"start":{"line":180,"column":51},"end":{"line":180,"column":59}},{"start":{"line":180,"column":63},"end":{"line":180,"column":71}},{"start":{"line":180,"column":75},"end":{"line":180,"column":77}}],"line":180},"54":{"loc":{"start":{"line":181,"column":51},"end":{"line":181,"column":77}},"type":"binary-expr","locations":[{"start":{"line":181,"column":51},"end":{"line":181,"column":59}},{"start":{"line":181,"column":63},"end":{"line":181,"column":71}},{"start":{"line":181,"column":75},"end":{"line":181,"column":77}}],"line":181},"55":{"loc":{"start":{"line":182,"column":30},"end":{"line":182,"column":91}},"type":"binary-expr","locations":[{"start":{"line":182,"column":30},"end":{"line":182,"column":38}},{"start":{"line":182,"column":42},"end":{"line":182,"column":57}},{"start":{"line":182,"column":61},"end":{"line":182,"column":91}}],"line":182},"56":{"loc":{"start":{"line":182,"column":62},"end":{"line":182,"column":83}},"type":"binary-expr","locations":[{"start":{"line":182,"column":62},"end":{"line":182,"column":77}},{"start":{"line":182,"column":81},"end":{"line":182,"column":83}}],"line":182},"57":{"loc":{"start":{"line":202,"column":20},"end":{"line":202,"column":34}},"type":"binary-expr","locations":[{"start":{"line":202,"column":20},"end":{"line":202,"column":28}},{"start":{"line":202,"column":32},"end":{"line":202,"column":34}}],"line":202},"58":{"loc":{"start":{"line":211,"column":16},"end":{"line":211,"column":85}},"type":"cond-expr","locations":[{"start":{"line":211,"column":28},"end":{"line":211,"column":66}},{"start":{"line":211,"column":69},"end":{"line":211,"column":85}}],"line":211},"59":{"loc":{"start":{"line":212,"column":26},"end":{"line":212,"column":153}},"type":"cond-expr","locations":[{"start":{"line":212,"column":48},"end":{"line":212,"column":75}},{"start":{"line":212,"column":79},"end":{"line":212,"column":152}}],"line":212},"60":{"loc":{"start":{"line":212,"column":79},"end":{"line":212,"column":152}},"type":"binary-expr","locations":[{"start":{"line":212,"column":79},"end":{"line":212,"column":146}},{"start":{"line":212,"column":150},"end":{"line":212,"column":152}}],"line":212},"61":{"loc":{"start":{"line":212,"column":90},"end":{"line":212,"column":145}},"type":"binary-expr","locations":[{"start":{"line":212,"column":90},"end":{"line":212,"column":105}},{"start":{"line":212,"column":109},"end":{"line":212,"column":126}},{"start":{"line":212,"column":130},"end":{"line":212,"column":145}}],"line":212},"62":{"loc":{"start":{"line":216,"column":20},"end":{"line":216,"column":34}},"type":"binary-expr","locations":[{"start":{"line":216,"column":20},"end":{"line":216,"column":28}},{"start":{"line":216,"column":32},"end":{"line":216,"column":34}}],"line":216},"63":{"loc":{"start":{"line":224,"column":17},"end":{"line":224,"column":56}},"type":"binary-expr","locations":[{"start":{"line":224,"column":17},"end":{"line":224,"column":30}},{"start":{"line":224,"column":34},"end":{"line":224,"column":48}},{"start":{"line":224,"column":52},"end":{"line":224,"column":56}}],"line":224},"64":{"loc":{"start":{"line":238,"column":16},"end":{"line":238,"column":91}},"type":"binary-expr","locations":[{"start":{"line":238,"column":17},"end":{"line":238,"column":25}},{"start":{"line":238,"column":30},"end":{"line":238,"column":43}},{"start":{"line":238,"column":47},"end":{"line":238,"column":63}},{"start":{"line":238,"column":67},"end":{"line":238,"column":83}},{"start":{"line":238,"column":89},"end":{"line":238,"column":91}}],"line":238},"65":{"loc":{"start":{"line":239,"column":24},"end":{"line":239,"column":33}},"type":"binary-expr","locations":[{"start":{"line":239,"column":24},"end":{"line":239,"column":27}},{"start":{"line":239,"column":31},"end":{"line":239,"column":33}}],"line":239},"66":{"loc":{"start":{"line":240,"column":4},"end":{"line":240,"column":89}},"type":"if","locations":[{"start":{"line":240,"column":4},"end":{"line":240,"column":89}},{"start":{},"end":{}}],"line":240},"67":{"loc":{"start":{"line":254,"column":24},"end":{"line":254,"column":70}},"type":"binary-expr","locations":[{"start":{"line":254,"column":24},"end":{"line":254,"column":38}},{"start":{"line":254,"column":42},"end":{"line":254,"column":56}},{"start":{"line":254,"column":60},"end":{"line":254,"column":70}}],"line":254},"68":{"loc":{"start":{"line":255,"column":16},"end":{"line":255,"column":78}},"type":"binary-expr","locations":[{"start":{"line":255,"column":16},"end":{"line":255,"column":33}},{"start":{"line":255,"column":37},"end":{"line":255,"column":54}},{"start":{"line":255,"column":58},"end":{"line":255,"column":72}},{"start":{"line":255,"column":76},"end":{"line":255,"column":78}}],"line":255},"69":{"loc":{"start":{"line":256,"column":27},"end":{"line":256,"column":36}},"type":"binary-expr","locations":[{"start":{"line":256,"column":27},"end":{"line":256,"column":30}},{"start":{"line":256,"column":34},"end":{"line":256,"column":36}}],"line":256},"70":{"loc":{"start":{"line":257,"column":4},"end":{"line":257,"column":94}},"type":"if","locations":[{"start":{"line":257,"column":4},"end":{"line":257,"column":94}},{"start":{},"end":{}}],"line":257},"71":{"loc":{"start":{"line":258,"column":4},"end":{"line":258,"column":140}},"type":"if","locations":[{"start":{"line":258,"column":4},"end":{"line":258,"column":140}},{"start":{},"end":{}}],"line":258},"72":{"loc":{"start":{"line":261,"column":4},"end":{"line":261,"column":107}},"type":"if","locations":[{"start":{"line":261,"column":4},"end":{"line":261,"column":107}},{"start":{},"end":{}}],"line":261},"73":{"loc":{"start":{"line":262,"column":19},"end":{"line":262,"column":41}},"type":"binary-expr","locations":[{"start":{"line":262,"column":19},"end":{"line":262,"column":35}},{"start":{"line":262,"column":39},"end":{"line":262,"column":41}}],"line":262},"74":{"loc":{"start":{"line":263,"column":25},"end":{"line":263,"column":43}},"type":"binary-expr","locations":[{"start":{"line":263,"column":25},"end":{"line":263,"column":37}},{"start":{"line":263,"column":41},"end":{"line":263,"column":43}}],"line":263},"75":{"loc":{"start":{"line":264,"column":33},"end":{"line":264,"column":84}},"type":"binary-expr","locations":[{"start":{"line":264,"column":33},"end":{"line":264,"column":54}},{"start":{"line":264,"column":58},"end":{"line":264,"column":71}},{"start":{"line":264,"column":75},"end":{"line":264,"column":84}}],"line":264},"76":{"loc":{"start":{"line":265,"column":4},"end":{"line":265,"column":123}},"type":"if","locations":[{"start":{"line":265,"column":4},"end":{"line":265,"column":123}},{"start":{},"end":{}}],"line":265},"77":{"loc":{"start":{"line":265,"column":8},"end":{"line":265,"column":38}},"type":"binary-expr","locations":[{"start":{"line":265,"column":8},"end":{"line":265,"column":14}},{"start":{"line":265,"column":18},"end":{"line":265,"column":38}}],"line":265},"78":{"loc":{"start":{"line":268,"column":30},"end":{"line":268,"column":74}},"type":"binary-expr","locations":[{"start":{"line":268,"column":30},"end":{"line":268,"column":45}},{"start":{"line":268,"column":49},"end":{"line":268,"column":74}}],"line":268},"79":{"loc":{"start":{"line":282,"column":4},"end":{"line":310,"column":5}},"type":"if","locations":[{"start":{"line":282,"column":4},"end":{"line":310,"column":5}},{"start":{"line":297,"column":11},"end":{"line":310,"column":5}}],"line":282},"80":{"loc":{"start":{"line":342,"column":19},"end":{"line":342,"column":42}},"type":"binary-expr","locations":[{"start":{"line":342,"column":19},"end":{"line":342,"column":36}},{"start":{"line":342,"column":40},"end":{"line":342,"column":42}}],"line":342},"81":{"loc":{"start":{"line":344,"column":18},"end":{"line":344,"column":43}},"type":"binary-expr","locations":[{"start":{"line":344,"column":18},"end":{"line":344,"column":37}},{"start":{"line":344,"column":41},"end":{"line":344,"column":43}}],"line":344},"82":{"loc":{"start":{"line":345,"column":4},"end":{"line":345,"column":91}},"type":"if","locations":[{"start":{"line":345,"column":4},"end":{"line":345,"column":91}},{"start":{},"end":{}}],"line":345},"83":{"loc":{"start":{"line":346,"column":4},"end":{"line":346,"column":91}},"type":"if","locations":[{"start":{"line":346,"column":4},"end":{"line":346,"column":91}},{"start":{},"end":{}}],"line":346},"84":{"loc":{"start":{"line":354,"column":4},"end":{"line":362,"column":5}},"type":"if","locations":[{"start":{"line":354,"column":4},"end":{"line":362,"column":5}},{"start":{},"end":{}}],"line":354},"85":{"loc":{"start":{"line":360,"column":15},"end":{"line":360,"column":34}},"type":"binary-expr","locations":[{"start":{"line":360,"column":15},"end":{"line":360,"column":26}},{"start":{"line":360,"column":30},"end":{"line":360,"column":34}}],"line":360},"86":{"loc":{"start":{"line":368,"column":13},"end":{"line":368,"column":69}},"type":"binary-expr","locations":[{"start":{"line":368,"column":13},"end":{"line":368,"column":61}},{"start":{"line":368,"column":65},"end":{"line":368,"column":69}}],"line":368},"87":{"loc":{"start":{"line":375,"column":14},"end":{"line":375,"column":28}},"type":"binary-expr","locations":[{"start":{"line":375,"column":14},"end":{"line":375,"column":22}},{"start":{"line":375,"column":26},"end":{"line":375,"column":28}}],"line":375},"88":{"loc":{"start":{"line":376,"column":25},"end":{"line":376,"column":50}},"type":"binary-expr","locations":[{"start":{"line":376,"column":25},"end":{"line":376,"column":32}},{"start":{"line":376,"column":36},"end":{"line":376,"column":44}},{"start":{"line":376,"column":48},"end":{"line":376,"column":50}}],"line":376},"89":{"loc":{"start":{"line":377,"column":24},"end":{"line":377,"column":47}},"type":"binary-expr","locations":[{"start":{"line":377,"column":24},"end":{"line":377,"column":30}},{"start":{"line":377,"column":34},"end":{"line":377,"column":41}},{"start":{"line":377,"column":45},"end":{"line":377,"column":47}}],"line":377},"90":{"loc":{"start":{"line":378,"column":24},"end":{"line":378,"column":42}},"type":"binary-expr","locations":[{"start":{"line":378,"column":24},"end":{"line":378,"column":30}},{"start":{"line":378,"column":34},"end":{"line":378,"column":42}}],"line":378},"91":{"loc":{"start":{"line":379,"column":4},"end":{"line":379,"column":107}},"type":"if","locations":[{"start":{"line":379,"column":4},"end":{"line":379,"column":107}},{"start":{},"end":{}}],"line":379},"92":{"loc":{"start":{"line":379,"column":8},"end":{"line":379,"column":23}},"type":"binary-expr","locations":[{"start":{"line":379,"column":8},"end":{"line":379,"column":14}},{"start":{"line":379,"column":18},"end":{"line":379,"column":23}}],"line":379},"93":{"loc":{"start":{"line":381,"column":4},"end":{"line":381,"column":107}},"type":"if","locations":[{"start":{"line":381,"column":4},"end":{"line":381,"column":107}},{"start":{},"end":{}}],"line":381},"94":{"loc":{"start":{"line":407,"column":4},"end":{"line":407,"column":91}},"type":"if","locations":[{"start":{"line":407,"column":4},"end":{"line":407,"column":91}},{"start":{},"end":{}}],"line":407},"95":{"loc":{"start":{"line":408,"column":4},"end":{"line":408,"column":132}},"type":"if","locations":[{"start":{"line":408,"column":4},"end":{"line":408,"column":132}},{"start":{},"end":{}}],"line":408},"96":{"loc":{"start":{"line":413,"column":15},"end":{"line":413,"column":86}},"type":"binary-expr","locations":[{"start":{"line":413,"column":15},"end":{"line":413,"column":56}},{"start":{"line":413,"column":60},"end":{"line":413,"column":86}}],"line":413},"97":{"loc":{"start":{"line":413,"column":22},"end":{"line":413,"column":41}},"type":"binary-expr","locations":[{"start":{"line":413,"column":22},"end":{"line":413,"column":35}},{"start":{"line":413,"column":39},"end":{"line":413,"column":41}}],"line":413},"98":{"loc":{"start":{"line":414,"column":28},"end":{"line":414,"column":58}},"type":"binary-expr","locations":[{"start":{"line":414,"column":28},"end":{"line":414,"column":45}},{"start":{"line":414,"column":49},"end":{"line":414,"column":58}}],"line":414},"99":{"loc":{"start":{"line":441,"column":17},"end":{"line":441,"column":41}},"type":"cond-expr","locations":[{"start":{"line":441,"column":32},"end":{"line":441,"column":34}},{"start":{"line":441,"column":37},"end":{"line":441,"column":41}}],"line":441},"100":{"loc":{"start":{"line":442,"column":17},"end":{"line":442,"column":47}},"type":"cond-expr","locations":[{"start":{"line":442,"column":32},"end":{"line":442,"column":40}},{"start":{"line":442,"column":43},"end":{"line":442,"column":47}}],"line":442},"101":{"loc":{"start":{"line":443,"column":17},"end":{"line":443,"column":58}},"type":"cond-expr","locations":[{"start":{"line":443,"column":33},"end":{"line":443,"column":50}},{"start":{"line":443,"column":54},"end":{"line":443,"column":58}}],"line":443},"102":{"loc":{"start":{"line":443,"column":33},"end":{"line":443,"column":50}},"type":"binary-expr","locations":[{"start":{"line":443,"column":33},"end":{"line":443,"column":42}},{"start":{"line":443,"column":46},"end":{"line":443,"column":50}}],"line":443},"103":{"loc":{"start":{"line":455,"column":22},"end":{"line":455,"column":42}},"type":"binary-expr","locations":[{"start":{"line":455,"column":22},"end":{"line":455,"column":36}},{"start":{"line":455,"column":40},"end":{"line":455,"column":42}}],"line":455},"104":{"loc":{"start":{"line":456,"column":4},"end":{"line":456,"column":84}},"type":"if","locations":[{"start":{"line":456,"column":4},"end":{"line":456,"column":84}},{"start":{},"end":{}}],"line":456},"105":{"loc":{"start":{"line":458,"column":4},"end":{"line":458,"column":101}},"type":"if","locations":[{"start":{"line":458,"column":4},"end":{"line":458,"column":101}},{"start":{},"end":{}}],"line":458},"106":{"loc":{"start":{"line":459,"column":17},"end":{"line":459,"column":33}},"type":"binary-expr","locations":[{"start":{"line":459,"column":17},"end":{"line":459,"column":27}},{"start":{"line":459,"column":31},"end":{"line":459,"column":33}}],"line":459},"107":{"loc":{"start":{"line":460,"column":24},"end":{"line":460,"column":44}},"type":"binary-expr","locations":[{"start":{"line":460,"column":24},"end":{"line":460,"column":38}},{"start":{"line":460,"column":42},"end":{"line":460,"column":44}}],"line":460},"108":{"loc":{"start":{"line":461,"column":4},"end":{"line":461,"column":93}},"type":"if","locations":[{"start":{"line":461,"column":4},"end":{"line":461,"column":93}},{"start":{},"end":{}}],"line":461},"109":{"loc":{"start":{"line":463,"column":22},"end":{"line":463,"column":66}},"type":"binary-expr","locations":[{"start":{"line":463,"column":22},"end":{"line":463,"column":36}},{"start":{"line":463,"column":40},"end":{"line":463,"column":66}}],"line":463},"110":{"loc":{"start":{"line":464,"column":24},"end":{"line":464,"column":57}},"type":"binary-expr","locations":[{"start":{"line":464,"column":24},"end":{"line":464,"column":38}},{"start":{"line":464,"column":42},"end":{"line":464,"column":57}}],"line":464},"111":{"loc":{"start":{"line":475,"column":6},"end":{"line":476,"column":21}},"type":"if","locations":[{"start":{"line":475,"column":6},"end":{"line":476,"column":21}},{"start":{"line":476,"column":11},"end":{"line":476,"column":21}}],"line":475},"112":{"loc":{"start":{"line":487,"column":21},"end":{"line":487,"column":88}},"type":"binary-expr","locations":[{"start":{"line":487,"column":21},"end":{"line":487,"column":74}},{"start":{"line":487,"column":78},"end":{"line":487,"column":88}}],"line":487},"113":{"loc":{"start":{"line":487,"column":28},"end":{"line":487,"column":52}},"type":"binary-expr","locations":[{"start":{"line":487,"column":28},"end":{"line":487,"column":46}},{"start":{"line":487,"column":50},"end":{"line":487,"column":52}}],"line":487},"114":{"loc":{"start":{"line":489,"column":4},"end":{"line":489,"column":94}},"type":"if","locations":[{"start":{"line":489,"column":4},"end":{"line":489,"column":94}},{"start":{},"end":{}}],"line":489},"115":{"loc":{"start":{"line":492,"column":4},"end":{"line":492,"column":70}},"type":"if","locations":[{"start":{"line":492,"column":4},"end":{"line":492,"column":70}},{"start":{},"end":{}}],"line":492},"116":{"loc":{"start":{"line":505,"column":23},"end":{"line":505,"column":100}},"type":"binary-expr","locations":[{"start":{"line":505,"column":23},"end":{"line":505,"column":90}},{"start":{"line":505,"column":94},"end":{"line":505,"column":100}}],"line":505},"117":{"loc":{"start":{"line":506,"column":24},"end":{"line":506,"column":113}},"type":"binary-expr","locations":[{"start":{"line":506,"column":24},"end":{"line":506,"column":107}},{"start":{"line":506,"column":111},"end":{"line":506,"column":113}}],"line":506},"118":{"loc":{"start":{"line":507,"column":23},"end":{"line":507,"column":84}},"type":"binary-expr","locations":[{"start":{"line":507,"column":23},"end":{"line":507,"column":78}},{"start":{"line":507,"column":82},"end":{"line":507,"column":84}}],"line":507},"119":{"loc":{"start":{"line":508,"column":8},"end":{"line":508,"column":37}},"type":"if","locations":[{"start":{"line":508,"column":8},"end":{"line":508,"column":37}},{"start":{},"end":{}}],"line":508},"120":{"loc":{"start":{"line":508,"column":12},"end":{"line":508,"column":28}},"type":"binary-expr","locations":[{"start":{"line":508,"column":12},"end":{"line":508,"column":18}},{"start":{"line":508,"column":22},"end":{"line":508,"column":28}}],"line":508},"121":{"loc":{"start":{"line":557,"column":22},"end":{"line":557,"column":42}},"type":"binary-expr","locations":[{"start":{"line":557,"column":22},"end":{"line":557,"column":36}},{"start":{"line":557,"column":40},"end":{"line":557,"column":42}}],"line":557},"122":{"loc":{"start":{"line":558,"column":4},"end":{"line":558,"column":84}},"type":"if","locations":[{"start":{"line":558,"column":4},"end":{"line":558,"column":84}},{"start":{},"end":{}}],"line":558},"123":{"loc":{"start":{"line":559,"column":20},"end":{"line":559,"column":76}},"type":"binary-expr","locations":[{"start":{"line":559,"column":21},"end":{"line":559,"column":29}},{"start":{"line":559,"column":34},"end":{"line":559,"column":49}},{"start":{"line":559,"column":53},"end":{"line":559,"column":68}},{"start":{"line":559,"column":74},"end":{"line":559,"column":76}}],"line":559},"124":{"loc":{"start":{"line":568,"column":4},"end":{"line":568,"column":107}},"type":"if","locations":[{"start":{"line":568,"column":4},"end":{"line":568,"column":107}},{"start":{},"end":{}}],"line":568},"125":{"loc":{"start":{"line":568,"column":70},"end":{"line":568,"column":98}},"type":"binary-expr","locations":[{"start":{"line":568,"column":70},"end":{"line":568,"column":92}},{"start":{"line":568,"column":96},"end":{"line":568,"column":98}}],"line":568},"126":{"loc":{"start":{"line":580,"column":4},"end":{"line":580,"column":92}},"type":"if","locations":[{"start":{"line":580,"column":4},"end":{"line":580,"column":92}},{"start":{},"end":{}}],"line":580},"127":{"loc":{"start":{"line":581,"column":4},"end":{"line":581,"column":132}},"type":"if","locations":[{"start":{"line":581,"column":4},"end":{"line":581,"column":132}},{"start":{},"end":{}}],"line":581},"128":{"loc":{"start":{"line":583,"column":22},"end":{"line":583,"column":41}},"type":"binary-expr","locations":[{"start":{"line":583,"column":22},"end":{"line":583,"column":35}},{"start":{"line":583,"column":39},"end":{"line":583,"column":41}}],"line":583},"129":{"loc":{"start":{"line":584,"column":28},"end":{"line":584,"column":59}},"type":"binary-expr","locations":[{"start":{"line":584,"column":28},"end":{"line":584,"column":45}},{"start":{"line":584,"column":49},"end":{"line":584,"column":59}}],"line":584},"130":{"loc":{"start":{"line":593,"column":4},"end":{"line":595,"column":5}},"type":"if","locations":[{"start":{"line":593,"column":4},"end":{"line":595,"column":5}},{"start":{},"end":{}}],"line":593},"131":{"loc":{"start":{"line":593,"column":8},"end":{"line":593,"column":73}},"type":"binary-expr","locations":[{"start":{"line":593,"column":8},"end":{"line":593,"column":30}},{"start":{"line":593,"column":34},"end":{"line":593,"column":73}}],"line":593},"132":{"loc":{"start":{"line":636,"column":10},"end":{"line":636,"column":24}},"type":"binary-expr","locations":[{"start":{"line":636,"column":10},"end":{"line":636,"column":18}},{"start":{"line":636,"column":22},"end":{"line":636,"column":24}}],"line":636},"133":{"loc":{"start":{"line":637,"column":13},"end":{"line":637,"column":91}},"type":"binary-expr","locations":[{"start":{"line":637,"column":13},"end":{"line":637,"column":78}},{"start":{"line":637,"column":82},"end":{"line":637,"column":91}}],"line":637},"134":{"loc":{"start":{"line":637,"column":20},"end":{"line":637,"column":70}},"type":"binary-expr","locations":[{"start":{"line":637,"column":20},"end":{"line":637,"column":25}},{"start":{"line":637,"column":29},"end":{"line":637,"column":44}},{"start":{"line":637,"column":48},"end":{"line":637,"column":64}},{"start":{"line":637,"column":68},"end":{"line":637,"column":70}}],"line":637},"135":{"loc":{"start":{"line":639,"column":16},"end":{"line":639,"column":100}},"type":"cond-expr","locations":[{"start":{"line":639,"column":50},"end":{"line":639,"column":67}},{"start":{"line":639,"column":70},"end":{"line":639,"column":100}}],"line":639},"136":{"loc":{"start":{"line":639,"column":17},"end":{"line":639,"column":46}},"type":"binary-expr","locations":[{"start":{"line":639,"column":17},"end":{"line":639,"column":25}},{"start":{"line":639,"column":29},"end":{"line":639,"column":46}}],"line":639},"137":{"loc":{"start":{"line":644,"column":4},"end":{"line":646,"column":5}},"type":"if","locations":[{"start":{"line":644,"column":4},"end":{"line":646,"column":5}},{"start":{},"end":{}}],"line":644},"138":{"loc":{"start":{"line":644,"column":8},"end":{"line":644,"column":45}},"type":"binary-expr","locations":[{"start":{"line":644,"column":8},"end":{"line":644,"column":19}},{"start":{"line":644,"column":23},"end":{"line":644,"column":45}}],"line":644},"139":{"loc":{"start":{"line":645,"column":59},"end":{"line":645,"column":130}},"type":"binary-expr","locations":[{"start":{"line":645,"column":59},"end":{"line":645,"column":77}},{"start":{"line":645,"column":81},"end":{"line":645,"column":98}},{"start":{"line":645,"column":102},"end":{"line":645,"column":130}}],"line":645},"140":{"loc":{"start":{"line":659,"column":24},"end":{"line":659,"column":36}},"type":"binary-expr","locations":[{"start":{"line":659,"column":24},"end":{"line":659,"column":30}},{"start":{"line":659,"column":34},"end":{"line":659,"column":36}}],"line":659},"141":{"loc":{"start":{"line":660,"column":6},"end":{"line":670,"column":7}},"type":"if","locations":[{"start":{"line":660,"column":6},"end":{"line":670,"column":7}},{"start":{},"end":{}}],"line":660},"142":{"loc":{"start":{"line":666,"column":22},"end":{"line":666,"column":114}},"type":"binary-expr","locations":[{"start":{"line":666,"column":22},"end":{"line":666,"column":101}},{"start":{"line":666,"column":105},"end":{"line":666,"column":114}}],"line":666},"143":{"loc":{"start":{"line":666,"column":29},"end":{"line":666,"column":79}},"type":"binary-expr","locations":[{"start":{"line":666,"column":29},"end":{"line":666,"column":34}},{"start":{"line":666,"column":38},"end":{"line":666,"column":53}},{"start":{"line":666,"column":57},"end":{"line":666,"column":73}},{"start":{"line":666,"column":77},"end":{"line":666,"column":79}}],"line":666},"144":{"loc":{"start":{"line":689,"column":29},"end":{"line":689,"column":53}},"type":"binary-expr","locations":[{"start":{"line":689,"column":29},"end":{"line":689,"column":48}},{"start":{"line":689,"column":52},"end":{"line":689,"column":53}}],"line":689},"145":{"loc":{"start":{"line":701,"column":30},"end":{"line":701,"column":56}},"type":"binary-expr","locations":[{"start":{"line":701,"column":30},"end":{"line":701,"column":50}},{"start":{"line":701,"column":54},"end":{"line":701,"column":56}}],"line":701},"146":{"loc":{"start":{"line":702,"column":29},"end":{"line":702,"column":54}},"type":"binary-expr","locations":[{"start":{"line":702,"column":29},"end":{"line":702,"column":48}},{"start":{"line":702,"column":52},"end":{"line":702,"column":54}}],"line":702},"147":{"loc":{"start":{"line":714,"column":29},"end":{"line":714,"column":54}},"type":"binary-expr","locations":[{"start":{"line":714,"column":29},"end":{"line":714,"column":48}},{"start":{"line":714,"column":52},"end":{"line":714,"column":54}}],"line":714},"148":{"loc":{"start":{"line":725,"column":22},"end":{"line":725,"column":41}},"type":"binary-expr","locations":[{"start":{"line":725,"column":22},"end":{"line":725,"column":35}},{"start":{"line":725,"column":39},"end":{"line":725,"column":41}}],"line":725},"149":{"loc":{"start":{"line":726,"column":4},"end":{"line":726,"column":68}},"type":"if","locations":[{"start":{"line":726,"column":4},"end":{"line":726,"column":68}},{"start":{},"end":{}}],"line":726},"150":{"loc":{"start":{"line":728,"column":4},"end":{"line":728,"column":86}},"type":"if","locations":[{"start":{"line":728,"column":4},"end":{"line":728,"column":86}},{"start":{},"end":{}}],"line":728},"151":{"loc":{"start":{"line":729,"column":17},"end":{"line":729,"column":33}},"type":"binary-expr","locations":[{"start":{"line":729,"column":17},"end":{"line":729,"column":27}},{"start":{"line":729,"column":31},"end":{"line":729,"column":33}}],"line":729},"152":{"loc":{"start":{"line":734,"column":24},"end":{"line":734,"column":51}},"type":"binary-expr","locations":[{"start":{"line":734,"column":24},"end":{"line":734,"column":43}},{"start":{"line":734,"column":47},"end":{"line":734,"column":51}}],"line":734},"153":{"loc":{"start":{"line":735,"column":16},"end":{"line":735,"column":43}},"type":"binary-expr","locations":[{"start":{"line":735,"column":16},"end":{"line":735,"column":35}},{"start":{"line":735,"column":39},"end":{"line":735,"column":43}}],"line":735},"154":{"loc":{"start":{"line":736,"column":15},"end":{"line":736,"column":33}},"type":"binary-expr","locations":[{"start":{"line":736,"column":15},"end":{"line":736,"column":25}},{"start":{"line":736,"column":29},"end":{"line":736,"column":33}}],"line":736},"155":{"loc":{"start":{"line":737,"column":14},"end":{"line":737,"column":31}},"type":"binary-expr","locations":[{"start":{"line":737,"column":14},"end":{"line":737,"column":23}},{"start":{"line":737,"column":27},"end":{"line":737,"column":31}}],"line":737},"156":{"loc":{"start":{"line":738,"column":20},"end":{"line":738,"column":61}},"type":"binary-expr","locations":[{"start":{"line":738,"column":20},"end":{"line":738,"column":35}},{"start":{"line":738,"column":39},"end":{"line":738,"column":53}},{"start":{"line":738,"column":57},"end":{"line":738,"column":61}}],"line":738},"157":{"loc":{"start":{"line":739,"column":14},"end":{"line":739,"column":29}},"type":"binary-expr","locations":[{"start":{"line":739,"column":14},"end":{"line":739,"column":23}},{"start":{"line":739,"column":27},"end":{"line":739,"column":29}}],"line":739},"158":{"loc":{"start":{"line":758,"column":19},"end":{"line":758,"column":52}},"type":"binary-expr","locations":[{"start":{"line":758,"column":19},"end":{"line":758,"column":33}},{"start":{"line":758,"column":37},"end":{"line":758,"column":52}}],"line":758},"159":{"loc":{"start":{"line":759,"column":6},"end":{"line":770,"column":7}},"type":"if","locations":[{"start":{"line":759,"column":6},"end":{"line":770,"column":7}},{"start":{},"end":{}}],"line":759},"160":{"loc":{"start":{"line":759,"column":10},"end":{"line":759,"column":42}},"type":"binary-expr","locations":[{"start":{"line":759,"column":10},"end":{"line":759,"column":14}},{"start":{"line":759,"colu
[...]
{"line":28,"column":6},"end":{"line":28,"column":20}},"24":{"start":{"line":33,"column":22},"end":{"line":36,"column":1}},"25":{"start":{"line":34,"column":2},"end":{"line":34,"column":42}},"26":{"start":{"line":34,"column":32},"end":{"line":34,"column":42}},"27":{"start":{"line":35,"column":2},"end":{"line":35,"column":89}},"28":{"start":{"line":35,"column":23},"end":{"line":35,"column":88}},"29":{"start":{"line":39,"column":0},"end":{"line":39,"column":70}},"30":{"start":{"line":40,"column":0},"end":{"line":40,"column":103}},"31":{"start":{"line":41,"column":0},"end":{"line":41,"column":100}},"32":{"start":{"line":42,"column":0},"end":{"line":42,"column":79}},"33":{"start":{"line":43,"column":0},"end":{"line":43,"column":114}},"34":{"start":{"line":44,"column":0},"end":{"line":44,"column":101}},"35":{"start":{"line":45,"column":0},"end":{"line":45,"column":98}},"36":{"start":{"line":46,"column":0},"end":{"line":46,"column":84}},"37":{"start":{"line":48,"column":0},"end":{"line":48,"column":108}},"38":{"start":{"line":51,"column":0},"end":{"line":51,"column":120}},"39":{"start":{"line":52,"column":0},"end":{"line":52,"column":119}},"40":{"start":{"line":53,"column":0},"end":{"line":53,"column":112}},"41":{"start":{"line":54,"column":0},"end":{"line":54,"column":107}},"42":{"start":{"line":55,"column":0},"end":{"line":55,"column":119}},"43":{"start":{"line":58,"column":0},"end":{"line":58,"column":109}},"44":{"start":{"line":59,"column":0},"end":{"line":59,"column":132}},"45":{"start":{"line":60,"column":0},"end":{"line":60,"column":132}},"46":{"start":{"line":61,"column":0},"end":{"line":61,"column":135}},"47":{"start":{"line":62,"column":0},"end":{"line":62,"column":156}},"48":{"start":{"line":63,"column":0},"end":{"line":63,"column":144}},"49":{"start":{"line":64,"column":0},"end":{"line":64,"column":147}},"50":{"start":{"line":65,"column":0},"end":{"line":65,"column":159}},"51":{"start":{"line":66,"column":0},"end":{"line":66,"column":109}},"52":{"start":{"line":67,"column":0},"end":{"line":67,"column":127}},"53":{"start":{"line":68,"column":0},"end":{"line":68,"column":145}},"54":{"start":{"line":69,"column":0},"end":{"line":69,"column":122}},"55":{"start":{"line":70,"column":0},"end":{"line":70,"column":136}},"56":{"start":{"line":71,"column":0},"end":{"line":71,"column":149}},"57":{"start":{"line":72,"column":0},"end":{"line":72,"column":113}},"58":{"start":{"line":75,"column":0},"end":{"line":75,"column":17}},"59":{"start":{"line":77,"column":0},"end":{"line":77,"column":100}},"60":{"start":{"line":78,"column":0},"end":{"line":78,"column":113}},"61":{"start":{"line":79,"column":0},"end":{"line":79,"column":97}},"62":{"start":{"line":80,"column":0},"end":{"line":80,"column":104}},"63":{"start":{"line":81,"column":0},"end":{"line":81,"column":90}},"64":{"start":{"line":82,"column":0},"end":{"line":82,"column":119}},"65":{"start":{"line":83,"column":0},"end":{"line":83,"column":108}},"66":{"start":{"line":84,"column":0},"end":{"line":84,"column":110}},"67":{"start":{"line":85,"column":0},"end":{"line":85,"column":104}},"68":{"start":{"line":86,"column":0},"end":{"line":86,"column":102}},"69":{"start":{"line":87,"column":0},"end":{"line":87,"column":107}},"70":{"start":{"line":88,"column":0},"end":{"line":88,"column":101}},"71":{"start":{"line":89,"column":0},"end":{"line":89,"column":107}},"72":{"start":{"line":90,"column":0},"end":{"line":90,"column":112}},"73":{"start":{"line":91,"column":0},"end":{"line":91,"column":87}},"74":{"start":{"line":92,"column":0},"end":{"line":92,"column":108}},"75":{"start":{"line":93,"column":0},"end":{"line":93,"column":133}},"76":{"start":{"line":94,"column":0},"end":{"line":94,"column":108}},"77":{"start":{"line":95,"column":0},"end":{"line":95,"column":105}},"78":{"start":{"line":96,"column":0},"end":{"line":96,"column":111}},"79":{"start":{"line":97,"column":0},"end":{"line":97,"column":96}},"80":{"start":{"line":98,"column":0},"end":{"line":98,"column":108}},"81":{"start":{"line":99,"column":0},"end":{"line":99,"column":114}},"82":{"start":{"line":100,"column":0},"end":{"line":100,"column":115}},"83":{"start":{"line":101,"column":0},"end":{"line":101,"column":120}},"84":{"start":{"line":102,"column":0},"end":{"line":105,"column":3}},"85":{"start":{"line":103,"column":2},"end":{"line":103,"column":46}},"86":{"start":{"line":104,"column":2},"end":{"line":104,"column":95}},"87":{"start":{"line":106,"column":0},"end":{"line":106,"column":120}},"88":{"start":{"line":107,"column":0},"end":{"line":107,"column":107}},"89":{"start":{"line":108,"column":0},"end":{"line":108,"column":125}},"90":{"start":{"line":109,"column":0},"end":{"line":109,"column":132}},"91":{"start":{"line":110,"column":0},"end":{"line":110,"column":99}},"92":{"start":{"line":111,"column":0},"end":{"line":111,"column":105}},"93":{"start":{"line":112,"column":0},"end":{"line":112,"column":105}},"94":{"start":{"line":113,"column":0},"end":{"line":113,"column":87}},"95":{"start":{"line":116,"column":0},"end":{"line":118,"column":3}},"96":{"start":{"line":117,"column":2},"end":{"line":117,"column":66}},"97":{"start":{"line":120,"column":0},"end":{"line":120,"column":24}}},"fnMap":{"0":{"name":"(anonymous_0)","decl":{"start":{"line":13,"column":26},"end":{"line":13,"column":27}},"loc":{"start":{"line":13,"column":46},"end":{"line":31,"column":1}},"line":13},"1":{"name":"(anonymous_1)","decl":{"start":{"line":15,"column":10},"end":{"line":15,"column":11}},"loc":{"start":{"line":15,"column":19},"end":{"line":29,"column":5}},"line":15},"2":{"name":"(anonymous_2)","decl":{"start":{"line":20,"column":13},"end":{"line":20,"column":14}},"loc":{"start":{"line":20,"column":20},"end":{"line":20,"column":42}},"line":20},"3":{"name":"(anonymous_3)","decl":{"start":{"line":33,"column":22},"end":{"line":33,"column":23}},"loc":{"start":{"line":33,"column":36},"end":{"line":36,"column":1}},"line":33},"4":{"name":"(anonymous_4)","decl":{"start":{"line":35,"column":9},"end":{"line":35,"column":10}},"loc":{"start":{"line":35,"column":23},"end":{"line":35,"column":88}},"line":35},"5":{"name":"(anonymous_5)","decl":{"start":{"line":102,"column":39},"end":{"line":102,"column":40}},"loc":{"start":{"line":102,"column":59},"end":{"line":105,"column":1}},"line":102},"6":{"name":"(anonymous_6)","decl":{"start":{"line":116,"column":22},"end":{"line":116,"column":23}},"loc":{"start":{"line":116,"column":36},"end":{"line":118,"column":1}},"line":116}},"branchMap":{"0":{"loc":{"start":{"line":16,"column":33},"end":{"line":16,"column":60}},"type":"binary-expr","locations":[{"start":{"line":16,"column":33},"end":{"line":16,"column":54}},{"start":{"line":16,"column":58},"end":{"line":16,"column":60}}],"line":16},"1":{"loc":{"start":{"line":20,"column":27},"end":{"line":20,"column":34}},"type":"binary-expr","locations":[{"start":{"line":20,"column":27},"end":{"line":20,"column":28}},{"start":{"line":20,"column":32},"end":{"line":20,"column":34}}],"line":20},"2":{"loc":{"start":{"line":22,"column":30},"end":{"line":22,"column":64}},"type":"binary-expr","locations":[{"start":{"line":22,"column":30},"end":{"line":22,"column":58}},{"start":{"line":22,"column":62},"end":{"line":22,"column":64}}],"line":22},"3":{"loc":{"start":{"line":24,"column":6},"end":{"line":24,"column":77}},"type":"if","locations":[{"start":{"line":24,"column":6},"end":{"line":24,"column":77}},{"start":{},"end":{}}],"line":24},"4":{"loc":{"start":{"line":26,"column":6},"end":{"line":26,"column":98}},"type":"if","locations":[{"start":{"line":26,"column":6},"end":{"line":26,"column":98}},{"start":{},"end":{}}],"line":26},"5":{"loc":{"start":{"line":27,"column":6},"end":{"line":27,"column":100}},"type":"if","locations":[{"start":{"line":27,"column":6},"end":{"line":27,"column":100}},{"start":{},"end":{}}],"line":27},"6":{"loc":{"start":{"line":34,"column":2},"end":{"line":34,"column":42}},"type":"if","locations":[{"start":{"line":34,"column":2},"end":{"line":34,"column":42}},{"start":{},"end":{}}],"line":34}},"s":{"0":0,"1":0,"2":0,"3":0,"4":0,"5":0,"6":0,"7":0,"8":0,"9":0,"10":0,"11":0,"12":0,"13":0,"14":0,"15":0,"16":0,"17":0,"18":0,"19":0,"20":0,"21":0,"22":0,"23":0,"24":0,"25":0,"26":0,"27":0,"28":0,"29":0,"30":0,"31":0,"32":0,"33":0,"34":0,"35":0,"36":0,"37":0,"38":0,"39":0,"40":0,"41":0,"42":0,"43":0,"44":0,"45":0,"46":0,"47":0,"48":0,"49":0,"50":0,"51":0,"52":0,"53":0,"54":0,"55":0,"56":0,"57":0,"58":0,"59":0,"60":0,"61":0,"62":0,"63":0,"64":0,"65":0,"66":0,"67":0,"68":0,"69":0,"70":0,"71":0,"72":0,"73":0,"74":0,"75":0,"76":0,"77":0,"78":0,"79":0,"80":0,"81":0,"82":0,"83":0,"84":0,"85":0,"86":0,"87":0,"88":0,"89":0,"90":0,"91":0,"92":0,"93":0,"94":0,"95":0,"96":0,"97":0},"f":{"0":0,"1":0,"2":0,"3":0,"4":0,"5":0,"6":0},"b":{"0":[0,0],"1":[0,0],"2":[0,0],"3":[0,0],"4":[0,0],"5":[0,0],"6":[0,0]}}
,"/Users/augustogalvanmartin/Downloads/fisiotoolsaas/backend/routes/diagnostics.js": {"path":"/Users/augustogalvanmartin/Downloads/fisiotoolsaas/backend/routes/diagnostics.js","statementMap":{"0":{"start":{"line":1,"column":16},"end":{"line":1,"column":34}},"1":{"start":{"line":2,"column":15},"end":{"line":2,"column":31}},"2":{"start":{"line":3,"column":20},"end":{"line":3,"column":44}},"3":{"start":{"line":5,"column":26},"end":{"line":17,"column":1}},"4":{"start":{"line":6,"column":2},"end":{"line":16,"column":3}},"5":{"start":{"line":7,"column":21},"end":{"line":7,"column":70}},"6":{"start":{"line":8,"column":16},"end":{"line":8,"column":31}},"7":{"start":{"line":9,"column":24},"end":{"line":9,"column":66}},"8":{"start":{"line":10,"column":25},"end":{"line":10,"column":98}},"9":{"start":{"line":10,"column":59},"end":{"line":10,"column":81}},"10":{"start":{"line":11,"column":4},"end":{"line":11,"column":95}},"11":{"start":{"line":11,"column":30},"end":{"line":11,"column":95}},"12":{"start":{"line":12,"column":4},"end":{"line":12,"column":111}},"13":{"start":{"line":12,"column":55},"end":{"line":12,"column":111}},"14":{"start":{"line":13,"column":4},"end":{"line":13,"column":11}},"15":{"start":{"line":15,"column":4},"end":{"line":15,"column":47}},"16":{"start":{"line":20,"column":0},"end":{"line":34,"column":3}},"17":{"start":{"line":21,"column":2},"end":{"line":33,"column":3}},"18":{"start":{"line":22,"column":4},"end":{"line":27,"column":7}},"19":{"start":{"line":29,"column":4},"end":{"line":32,"column":7}},"20":{"start":{"line":37,"column":0},"end":{"line":66,"column":3}},"21":{"start":{"line":38,"column":2},"end":{"line":65,"column":3}},"22":{"start":{"line":39,"column":21},"end":{"line":39,"column":70}},"23":{"start":{"line":40,"column":16},"end":{"line":40,"column":31}},"24":{"start":{"line":41,"column":24},"end":{"line":41,"column":66}},"25":{"start":{"line":42,"column":25},"end":{"line":45,"column":22}},"26":{"start":{"line":44,"column":18},"end":{"line":44,"column":40}},"27":{"start":{"line":46,"column":4},"end":{"line":46,"column":95}},"28":{"start":{"line":46,"column":30},"end":{"line":46,"column":95}},"29":{"start":{"line":48,"column":4},"end":{"line":48,"column":111}},"30":{"start":{"line":48,"column":55},"end":{"line":48,"column":111}},"31":{"start":{"line":50,"column":4},"end":{"line":62,"column":7}},"32":{"start":{"line":64,"column":4},"end":{"line":64,"column":68}},"33":{"start":{"line":69,"column":0},"end":{"line":106,"column":3}},"34":{"start":{"line":70,"column":2},"end":{"line":105,"column":3}},"35":{"start":{"line":71,"column":17},"end":{"line":71,"column":87}},"36":{"start":{"line":72,"column":20},"end":{"line":72,"column":71}},"37":{"start":{"line":73,"column":17},"end":{"line":73,"column":114}},"38":{"start":{"line":74,"column":24},"end":{"line":79,"column":12}},"39":{"start":{"line":80,"column":4},"end":{"line":82,"column":5}},"40":{"start":{"line":81,"column":6},"end":{"line":81,"column":63}},"41":{"start":{"line":84,"column":23},"end":{"line":84,"column":56}},"42":{"start":{"line":85,"column":21},"end":{"line":85,"column":92}},"43":{"start":{"line":87,"column":4},"end":{"line":99,"column":7}},"44":{"start":{"line":101,"column":4},"end":{"line":104,"column":7}},"45":{"start":{"line":108,"column":0},"end":{"line":108,"column":24}}},"fnMap":{"0":{"name":"(anonymous_0)","decl":{"start":{"line":5,"column":26},"end":{"line":5,"column":27}},"loc":{"start":{"line":5,"column":52},"end":{"line":17,"column":1}},"line":5},"1":{"name":"(anonymous_1)","decl":{"start":{"line":10,"column":52},"end":{"line":10,"column":53}},"loc":{"start":{"line":10,"column":59},"end":{"line":10,"column":81}},"line":10},"2":{"name":"(anonymous_2)","decl":{"start":{"line":20,"column":22},"end":{"line":20,"column":23}},"loc":{"start":{"line":20,"column":42},"end":{"line":34,"column":1}},"line":20},"3":{"name":"(anonymous_3)","decl":{"start":{"line":37,"column":19},"end":{"line":37,"column":20}},"loc":{"start":{"line":37,"column":39},"end":{"line":66,"column":1}},"line":37},"4":{"name":"(anonymous_4)","decl":{"start":{"line":44,"column":11},"end":{"line":44,"column":12}},"loc":{"start":{"line":44,"column":18},"end":{"line":44,"column":40}},"line":44},"5":{"name":"(anonymous_5)","decl":{"start":{"line":69,"column":55},"end":{"line":69,"column":56}},"loc":{"start":{"line":69,"column":75},"end":{"line":106,"column":1}},"line":69}},"branchMap":{"0":{"loc":{"start":{"line":7,"column":28},"end":{"line":7,"column":62}},"type":"binary-expr","locations":[{"start":{"line":7,"column":28},"end":{"line":7,"column":56}},{"start":{"line":7,"column":60},"end":{"line":7,"column":62}}],"line":7},"1":{"loc":{"start":{"line":9,"column":31},"end":{"line":9,"column":58}},"type":"binary-expr","locations":[{"start":{"line":9,"column":31},"end":{"line":9,"column":52}},{"start":{"line":9,"column":56},"end":{"line":9,"column":58}}],"line":9},"2":{"loc":{"start":{"line":10,"column":66},"end":{"line":10,"column":73}},"type":"binary-expr","locations":[{"start":{"line":10,"column":66},"end":{"line":10,"column":67}},{"start":{"line":10,"column":71},"end":{"line":10,"column":73}}],"line":10},"3":{"loc":{"start":{"line":11,"column":4},"end":{"line":11,"column":95}},"type":"if","locations":[{"start":{"line":11,"column":4},"end":{"line":11,"column":95}},{"start":{},"end":{}}],"line":11},"4":{"loc":{"start":{"line":12,"column":4},"end":{"line":12,"column":111}},"type":"if","locations":[{"start":{"line":12,"column":4},"end":{"line":12,"column":111}},{"start":{},"end":{}}],"line":12},"5":{"loc":{"start":{"line":12,"column":8},"end":{"line":12,"column":53}},"type":"binary-expr","locations":[{"start":{"line":12,"column":8},"end":{"line":12,"column":17}},{"start":{"line":12,"column":21},"end":{"line":12,"column":53}}],"line":12},"6":{"loc":{"start":{"line":26,"column":15},"end":{"line":26,"column":47}},"type":"binary-expr","locations":[{"start":{"line":26,"column":15},"end":{"line":26,"column":36}},{"start":{"line":26,"column":40},"end":{"line":26,"column":47}}],"line":26},"7":{"loc":{"start":{"line":39,"column":28},"end":{"line":39,"column":62}},"type":"binary-expr","locations":[{"start":{"line":39,"column":28},"end":{"line":39,"column":56}},{"start":{"line":39,"column":60},"end":{"line":39,"column":62}}],"line":39},"8":{"loc":{"start":{"line":41,"column":31},"end":{"line":41,"column":58}},"type":"binary-expr","locations":[{"start":{"line":41,"column":31},"end":{"line":41,"column":52}},{"start":{"line":41,"column":56},"end":{"line":41,"column":58}}],"line":41},"9":{"loc":{"start":{"line":44,"column":25},"end":{"line":44,"column":32}},"type":"binary-expr","locations":[{"start":{"line":44,"column":25},"end":{"line":44,"column":26}},{"start":{"line":44,"column":30},"end":{"line":44,"column":32}}],"line":44},"10":{"loc":{"start":{"line":46,"column":4},"end":{"line":46,"column":95}},"type":"if","locations":[{"start":{"line":46,"column":4},"end":{"line":46,"column":95}},{"start":{},"end":{}}],"line":46},"11":{"loc":{"start":{"line":48,"column":4},"end":{"line":48,"column":111}},"type":"if","locations":[{"start":{"line":48,"column":4},"end":{"line":48,"column":111}},{"start":{},"end":{}}],"line":48},"12":{"loc":{"start":{"line":48,"column":8},"end":{"line":48,"column":53}},"type":"binary-expr","locations":[{"start":{"line":48,"column":8},"end":{"line":48,"column":17}},{"start":{"line":48,"column":21},"end":{"line":48,"column":53}}],"line":48},"13":{"loc":{"start":{"line":71,"column":24},"end":{"line":71,"column":79}},"type":"binary-expr","locations":[{"start":{"line":71,"column":24},"end":{"line":71,"column":38}},{"start":{"line":71,"column":42},"end":{"line":71,"column":57}},{"start":{"line":71,"column":61},"end":{"line":71,"column":79}}],"line":71},"14":{"loc":{"start":{"line":72,"column":27},"end":{"line":72,"column":63}},"type":"binary-expr","locations":[{"start":{"line":72,"column":27},"end":{"line":72,"column":44}},{"start":{"line":72,"column":48},"end":{"line":72,"column":63}}],"line":72},"15":{"loc":{"start":{"line":73,"column":24},"end":{"line":73,"column":106}},"type":"binary-expr","locations":[{"start":{"line":73,"column":24},"end":{"line":73,"column":38}},{"start":{"line":73,"column":42},"end":{"line":73,"column":56}},{"start":{"line":73,"column":60},"end":{"line":73,"column":106}}],"line":73},"16":{"loc":{"start":{"line":74,"column":24},"end":{"line":79,"column":12}},"type":"cond-expr","locations":[{"start":{"line":75,"column":8},"end":{"line":78,"column":9}},{"start":{"line":79,"column":8},"end":{"line":79,"column":12}}],"line":74},"17":{"loc":{"start":{"line":76,"column":18},"end":{"line":76,"column":79}},"type":"binary-expr","locations":[{"start":{"line":76,"column":18},"end":{"line":76,"column":66}},{"start":{"line":76,"column":70},"end":{"line":76,"column":79}}],"line":76},"18":{"loc":{"start":{"line":76,"column":25},"end":{"line":76,"column":58}},"type":"binary-expr","locations":[{"start":{"line":76,"column":25},"end":{"line":76,"column":52}},{"start":{"line":76,"column":56},"end":{"line":76,"column":58}}],"line":76},"19":{"loc":{"start":{"line":77,"column":19},"end":{"line":77,"column":81}},"type":"binary-expr","locations":[{"start":{"line":77,"column":19},"end":{"line":77,"column":68}},{"start":{"line":77,"column":72},"end":{"line":77,"column":81}}],"line":77},"20":{"loc":{"start":{"line":77,"column":26},"end":{"line":77,"column":60}},"type":"binary-expr","locations":[{"start":{"line":77,"column":26},"end":{"line":77,"column":54}},{"start":{"line":77,"column":58},"end":{"line":77,"column":60}}],"line":77},"21":{"loc":{"start":{"line":80,"column":4},"end":{"line":82,"column":5}},"type":"if","locations":[{"start":{"line":80,"column":4},"end":{"line":82,"column":5}},{"start":{},"end":{}}],"line":80},"22":{"loc":{"start":{"line":80,"column":8},"end":{"line":80,"column":66}},"type":"binary-expr","locations":[{"start":{"line":80,"column":8},"end":{"line":80,"column":19}},{"start":{"line":80,"column":23},"end":{"line":80,"column":42}},{"start":{"line":80,"column":46},"end":{"line":80,"column":66}}],"line":80},"23":{"loc":{"start":{"line":81,"column":27},"end":{"line":81,"column":62}},"type":"binary-expr","locations":[{"start":{"line":81,"column":27},"end":{"line":81,"column":45}},{"start":{"line":81,"column":49},"end":{"line":81,"column":62}}],"line":81},"24":{"loc":{"start":{"line":91,"column":19},"end":{"line":91,"column":64}},"type":"binary-expr","locations":[{"start":{"line":91,"column":19},"end":{"line":91,"column":30}},{"start":{"line":91,"column":34},"end":{"line":91,"column":64}}],"line":91}},"s":{"0":0,"1":0,"2":0,"3":0,"4":0,"5":0,"6":0,"7":0,"8":0,"9":0,"10":0,"11":0,"12":0,"13":0,"14":0,"15":0,"16":0,"17":0,"18":0,"19":0,"20":0,"21":0,"22":0,"23":0,"24":0,"25":0,"26":0,"27":0,"28":0,"29":0,"30":0,"31":0,"32":0,"33":0,"34":0,"35":0,"36":0,"37":0,"38":0,"39":0,"40":0,"41":0,"42":0,"43":0,"44":0,"45":0},"f":{"0":0,"1":0,"2":0,"3":0,"4":0,"5":0},"b":{"0":[0,0],"1":[0,0],"2":[0,0],"3":[0,0],"4":[0,0],"5":[0,0],"6":[0,0],"7":[0,0],"8":[0,0],"9":[0,0],"10":[0,0],"11":[0,0],"12":[0,0],"13":[0,0,0],"14":[0,0],"15":[0,0,0],"16":[0,0],"17":[0,0],"18":[0,0],"19":[0,0],"20":[0,0],"21":[0,0],"22":[0,0,0],"23":[0,0],"24":[0,0]}}
}
