TN:
SF:backend/controllers/adminController.js
FN:7,(anonymous_0)
FN:13,(anonymous_1)
FN:37,(anonymous_2)
FN:40,(anonymous_3)
FN:42,(anonymous_4)
FN:46,(anonymous_5)
FN:51,(anonymous_6)
FN:59,(anonymous_7)
FN:67,(anonymous_8)
FN:77,(anonymous_9)
FN:85,(anonymous_10)
FN:88,(anonymous_11)
FN:111,(anonymous_12)
FN:112,(anonymous_13)
FN:113,(anonymous_14)
FN:133,(anonymous_15)
FN:143,(anonymous_16)
FN:145,(anonymous_17)
FN:159,(anonymous_18)
FN:179,(anonymous_19)
FN:180,(anonymous_20)
FN:181,(anonymous_21)
FN:201,(anonymous_22)
FN:215,(anonymous_23)
FN:227,(anonymous_24)
FN:235,(anonymous_25)
FN:252,(anonymous_26)
FN:320,(anonymous_27)
FN:332,(anonymous_28)
FN:339,(anonymous_29)
FN:373,(anonymous_30)
FN:397,(anonymous_31)
FN:404,(anonymous_32)
FN:453,(anonymous_33)
FN:473,(anonymous_34)
FN:485,(anonymous_35)
FN:502,(anonymous_36)
FN:541,(anonymous_37)
FN:555,(anonymous_38)
FN:577,(anonymous_39)
FN:617,(anonymous_40)
FN:624,(anonymous_41)
FN:629,(anonymous_42)
FN:677,(anonymous_43)
FN:686,(anonymous_44)
FN:698,(anonymous_45)
FN:711,(anonymous_46)
FN:723,(anonymous_47)
FN:756,(anonymous_48)
FNF:49
FNH:0
FNDA:0,(anonymous_0)
FNDA:0,(anonymous_1)
FNDA:0,(anonymous_2)
FNDA:0,(anonymous_3)
FNDA:0,(anonymous_4)
FNDA:0,(anonymous_5)
FNDA:0,(anonymous_6)
FNDA:0,(anonymous_7)
FNDA:0,(anonymous_8)
FNDA:0,(anonymous_9)
FNDA:0,(anonymous_10)
FNDA:0,(anonymous_11)
FNDA:0,(anonymous_12)
FNDA:0,(anonymous_13)
FNDA:0,(anonymous_14)
FNDA:0,(anonymous_15)
FNDA:0,(anonymous_16)
FNDA:0,(anonymous_17)
FNDA:0,(anonymous_18)
FNDA:0,(anonymous_19)
FNDA:0,(anonymous_20)
FNDA:0,(anonymous_21)
FNDA:0,(anonymous_22)
FNDA:0,(anonymous_23)
FNDA:0,(anonymous_24)
FNDA:0,(anonymous_25)
FNDA:0,(anonymous_26)
FNDA:0,(anonymous_27)
FNDA:0,(anonymous_28)
FNDA:0,(anonymous_29)
FNDA:0,(anonymous_30)
FNDA:0,(anonymous_31)
FNDA:0,(anonymous_32)
FNDA:0,(anonymous_33)
FNDA:0,(anonymous_34)
FNDA:0,(anonymous_35)
FNDA:0,(anonymous_36)
FNDA:0,(anonymous_37)
FNDA:0,(anonymous_38)
FNDA:0,(anonymous_39)
FNDA:0,(anonymous_40)
FNDA:0,(anonymous_41)
FNDA:0,(anonymous_42)
FNDA:0,(anonymous_43)
FNDA:0,(anonymous_44)
FNDA:0,(anonymous_45)
FNDA:0,(anonymous_46)
FNDA:0,(anonymous_47)
FNDA:0,(anonymous_48)
DA:1,0
DA:2,0
DA:3,0
DA:4,0
DA:7,0
DA:8,0
DA:9,0
DA:10,0
DA:13,0
DA:14,0
DA:15,0
DA:16,0
DA:17,0
DA:18,0
DA:19,0
DA:21,0
DA:22,0
DA:23,0
DA:25,0
DA:27,0
DA:29,0
DA:30,0
DA:31,0
DA:32,0
DA:34,0
DA:36,0
DA:37,0
DA:40,0
DA:41,0
DA:42,0
DA:43,0
DA:44,0
DA:45,0
DA:46,0
DA:48,0
DA:49,0
DA:50,0
DA:51,0
DA:52,0
DA:53,0
DA:54,0
DA:56,0
DA:59,0
DA:60,0
DA:61,0
DA:62,0
DA:64,0
DA:67,0
DA:68,0
DA:69,0
DA:70,0
DA:71,0
DA:72,0
DA:73,0
DA:74,0
DA:77,0
DA:78,0
DA:79,0
DA:80,0
DA:81,0
DA:85,0
DA:88,0
DA:89,0
DA:90,0
DA:102,0
DA:111,0
DA:112,0
DA:113,0
DA:114,0
DA:115,0
DA:117,0
DA:118,0
DA:119,0
DA:120,0
DA:121,0
DA:122,0
DA:123,0
DA:124,0
DA:126,0
DA:130,0
DA:131,0
DA:132,0
DA:133,0
DA:134,0
DA:135,0
DA:136,0
DA:137,0
DA:138,0
DA:139,0
DA:142,0
DA:143,0
DA:145,0
DA:146,0
DA:147,0
DA:159,0
DA:160,0
DA:161,0
DA:162,0
DA:163,0
DA:164,0
DA:165,0
DA:178,0
DA:179,0
DA:180,0
DA:181,0
DA:182,0
DA:184,0
DA:202,0
DA:204,0
DA:205,0
DA:206,0
DA:216,0
DA:218,0
DA:227,0
DA:231,0
DA:235,0
DA:236,0
DA:238,0
DA:239,0
DA:240,0
DA:241,0
DA:247,0
DA:248,0
DA:252,0
DA:253,0
DA:254,0
DA:255,0
DA:256,0
DA:257,0
DA:258,0
DA:260,0
DA:261,0
DA:262,0
DA:263,0
DA:264,0
DA:265,0
DA:267,0
DA:268,0
DA:269,0
DA:271,0
DA:280,0
DA:282,0
DA:283,0
DA:284,0
DA:290,0
DA:291,0
DA:298,0
DA:304,0
DA:312,0
DA:314,0
DA:315,0
DA:320,0
DA:321,0
DA:322,0
DA:323,0
DA:328,0
DA:329,0
DA:332,0
DA:333,0
DA:334,0
DA:335,0
DA:336,0
DA:339,0
DA:340,0
DA:341,0
DA:342,0
DA:343,0
DA:344,0
DA:345,0
DA:346,0
DA:347,0
DA:348,0
DA:353,0
DA:354,0
DA:355,0
DA:363,0
DA:370,0
DA:373,0
DA:374,0
DA:375,0
DA:376,0
DA:377,0
DA:378,0
DA:379,0
DA:380,0
DA:381,0
DA:383,0
DA:393,0
DA:394,0
DA:397,0
DA:398,0
DA:399,0
DA:400,0
DA:401,0
DA:404,0
DA:405,0
DA:406,0
DA:407,0
DA:408,0
DA:410,0
DA:413,0
DA:414,0
DA:417,0
DA:418,0
DA:419,0
DA:420,0
DA:421,0
DA:422,0
DA:423,0
DA:429,0
DA:432,0
DA:435,0
DA:448,0
DA:449,0
DA:453,0
DA:454,0
DA:455,0
DA:456,0
DA:457,0
DA:458,0
DA:459,0
DA:460,0
DA:461,0
DA:463,0
DA:464,0
DA:466,0
DA:467,0
DA:468,0
DA:470,0
DA:472,0
DA:473,0
DA:474,0
DA:475,0
DA:476,0
DA:478,0
DA:480,0
DA:485,0
DA:486,0
DA:487,0
DA:488,0
DA:489,0
DA:490,0
DA:491,0
DA:492,0
DA:494,0
DA:495,0
DA:497,0
DA:499,0
DA:500,0
DA:501,0
DA:502,0
DA:503,0
DA:504,0
DA:505,0
DA:506,0
DA:507,0
DA:508,0
DA:510,0
DA:511,0
DA:512,0
DA:529,0
DA:531,0
DA:534,0
DA:536,0
DA:541,0
DA:542,0
DA:543,0
DA:544,0
DA:548,0
DA:550,0
DA:555,0
DA:556,0
DA:557,0
DA:558,0
DA:559,0
DA:560,0
DA:561,0
DA:567,0
DA:568,0
DA:569,0
DA:570,0
DA:572,0
DA:577,0
DA:578,0
DA:579,0
DA:580,0
DA:581,0
DA:583,0
DA:584,0
DA:585,0
DA:586,0
DA:587,0
DA:589,0
DA:590,0
DA:592,0
DA:593,0
DA:594,0
DA:597,0
DA:598,0
DA:610,0
DA:612,0
DA:617,0
DA:618,0
DA:619,0
DA:624,0
DA:625,0
DA:626,0
DA:629,0
DA:630,0
DA:631,0
DA:632,0
DA:635,0
DA:643,0
DA:644,0
DA:645,0
DA:649,0
DA:658,0
DA:659,0
DA:660,0
DA:661,0
DA:673,0
DA:674,0
DA:677,0
DA:678,0
DA:679,0
DA:680,0
DA:681,0
DA:682,0
DA:686,0
DA:687,0
DA:688,0
DA:689,0
DA:690,0
DA:691,0
DA:693,0
DA:698,0
DA:699,0
DA:700,0
DA:701,0
DA:702,0
DA:703,0
DA:704,0
DA:706,0
DA:711,0
DA:712,0
DA:713,0
DA:714,0
DA:715,0
DA:716,0
DA:718,0
DA:723,0
DA:724,0
DA:725,0
DA:726,0
DA:727,0
DA:728,0
DA:729,0
DA:730,0
DA:742,0
DA:745,0
DA:757,0
DA:758,0
DA:759,0
DA:760,0
DA:761,0
DA:762,0
DA:772,0
LF:367
LH:0
BRDA:8,0,0,0
BRDA:8,0,1,0
BRDA:9,1,0,0
BRDA:9,1,1,0
BRDA:10,2,0,0
BRDA:10,2,1,0
BRDA:19,3,0,0
BRDA:19,3,1,0
BRDA:21,4,0,0
BRDA:21,4,1,0
BRDA:21,5,0,0
BRDA:21,5,1,0
BRDA:29,6,0,0
BRDA:29,6,1,0
BRDA:29,7,0,0
BRDA:29,7,1,0
BRDA:37,8,0,0
BRDA:37,8,1,0
BRDA:41,9,0,0
BRDA:41,9,1,0
BRDA:43,10,0,0
BRDA:43,10,1,0
BRDA:51,11,0,0
BRDA:51,11,1,0
BRDA:53,12,0,0
BRDA:53,12,1,0
BRDA:62,13,0,0
BRDA:62,13,1,0
BRDA:62,14,0,0
BRDA:62,14,1,0
BRDA:68,15,0,0
BRDA:68,15,1,0
BRDA:69,16,0,0
BRDA:69,16,1,0
BRDA:70,17,0,0
BRDA:70,17,1,0
BRDA:71,18,0,0
BRDA:71,18,1,0
BRDA:72,19,0,0
BRDA:72,19,1,0
BRDA:73,20,0,0
BRDA:73,20,1,0
BRDA:78,21,0,0
BRDA:78,21,1,0
BRDA:79,22,0,0
BRDA:79,22,1,0
BRDA:80,23,0,0
BRDA:80,23,1,0
BRDA:111,24,0,0
BRDA:111,24,1,0
BRDA:111,25,0,0
BRDA:111,25,1,0
BRDA:112,26,0,0
BRDA:112,26,1,0
BRDA:112,27,0,0
BRDA:112,27,1,0
BRDA:112,27,2,0
BRDA:115,28,0,0
BRDA:115,28,1,0
BRDA:117,29,0,0
BRDA:117,29,1,0
BRDA:118,30,0,0
BRDA:118,30,1,0
BRDA:119,31,0,0
BRDA:119,31,1,0
BRDA:121,32,0,0
BRDA:121,32,1,0
BRDA:134,33,0,0
BRDA:134,33,1,0
BRDA:136,34,0,0
BRDA:136,34,1,0
BRDA:138,35,0,0
BRDA:138,35,1,0
BRDA:139,36,0,0
BRDA:139,36,1,0
BRDA:143,37,0,0
BRDA:143,37,1,0
BRDA:145,38,0,0
BRDA:145,38,1,0
BRDA:146,39,0,0
BRDA:146,39,1,0
BRDA:149,40,0,0
BRDA:149,40,1,0
BRDA:149,40,2,0
BRDA:150,41,0,0
BRDA:150,41,1,0
BRDA:151,42,0,0
BRDA:151,42,1,0
BRDA:151,42,2,0
BRDA:152,43,0,0
BRDA:152,43,1,0
BRDA:152,43,2,0
BRDA:153,44,0,0
BRDA:153,44,1,0
BRDA:154,45,0,0
BRDA:154,45,1,0
BRDA:155,46,0,0
BRDA:155,46,1,0
BRDA:160,47,0,0
BRDA:160,47,1,0
BRDA:161,48,0,0
BRDA:161,48,1,0
BRDA:162,49,0,0
BRDA:162,49,1,0
BRDA:163,50,0,0
BRDA:163,50,1,0
BRDA:163,50,2,0
BRDA:163,50,3,0
BRDA:164,51,0,0
BRDA:164,51,1,0
BRDA:164,51,2,0
BRDA:179,52,0,0
BRDA:179,52,1,0
BRDA:179,52,2,0
BRDA:180,53,0,0
BRDA:180,53,1,0
BRDA:180,53,2,0
BRDA:181,54,0,0
BRDA:181,54,1,0
BRDA:181,54,2,0
BRDA:182,55,0,0
BRDA:182,55,1,0
BRDA:182,55,2,0
BRDA:182,56,0,0
BRDA:182,56,1,0
BRDA:202,57,0,0
BRDA:202,57,1,0
BRDA:211,58,0,0
BRDA:211,58,1,0
BRDA:212,59,0,0
BRDA:212,59,1,0
BRDA:212,60,0,0
BRDA:212,60,1,0
BRDA:212,61,0,0
BRDA:212,61,1,0
BRDA:212,61,2,0
BRDA:216,62,0,0
BRDA:216,62,1,0
BRDA:224,63,0,0
BRDA:224,63,1,0
BRDA:224,63,2,0
BRDA:238,64,0,0
BRDA:238,64,1,0
BRDA:238,64,2,0
BRDA:238,64,3,0
BRDA:238,64,4,0
BRDA:239,65,0,0
BRDA:239,65,1,0
BRDA:240,66,0,0
BRDA:240,66,1,0
BRDA:254,67,0,0
BRDA:254,67,1,0
BRDA:254,67,2,0
BRDA:255,68,0,0
BRDA:255,68,1,0
BRDA:255,68,2,0
BRDA:255,68,3,0
BRDA:256,69,0,0
BRDA:256,69,1,0
BRDA:257,70,0,0
BRDA:257,70,1,0
BRDA:258,71,0,0
BRDA:258,71,1,0
BRDA:261,72,0,0
BRDA:261,72,1,0
BRDA:262,73,0,0
BRDA:262,73,1,0
BRDA:263,74,0,0
BRDA:263,74,1,0
BRDA:264,75,0,0
BRDA:264,75,1,0
BRDA:264,75,2,0
BRDA:265,76,0,0
BRDA:265,76,1,0
BRDA:265,77,0,0
BRDA:265,77,1,0
BRDA:268,78,0,0
BRDA:268,78,1,0
BRDA:282,79,0,0
BRDA:282,79,1,0
BRDA:342,80,0,0
BRDA:342,80,1,0
BRDA:344,81,0,0
BRDA:344,81,1,0
BRDA:345,82,0,0
BRDA:345,82,1,0
BRDA:346,83,0,0
BRDA:346,83,1,0
BRDA:354,84,0,0
BRDA:354,84,1,0
BRDA:360,85,0,0
BRDA:360,85,1,0
BRDA:368,86,0,0
BRDA:368,86,1,0
BRDA:375,87,0,0
BRDA:375,87,1,0
BRDA:376,88,0,0
BRDA:376,88,1,0
BRDA:376,88,2,0
BRDA:377,89,0,0
BRDA:377,89,1,0
BRDA:377,89,2,0
BRDA:378,90,0,0
BRDA:378,90,1,0
BRDA:379,91,0,0
BRDA:379,91,1,0
BRDA:379,92,0,0
BRDA:379,92,1,0
BRDA:381,93,0,0
BRDA:381,93,1,0
BRDA:407,94,0,0
BRDA:407,94,1,0
BRDA:408,95,0,0
BRDA:408,95,1,0
BRDA:413,96,0,0
BRDA:413,96,1,0
BRDA:413,97,0,0
BRDA:413,97,1,0
BRDA:414,98,0,0
BRDA:414,98,1,0
BRDA:441,99,0,0
BRDA:441,99,1,0
BRDA:442,100,0,0
BRDA:442,100,1,0
BRDA:443,101,0,0
BRDA:443,101,1,0
BRDA:443,102,0,0
BRDA:443,102,1,0
BRDA:455,103,0,0
BRDA:455,103,1,0
BRDA:456,104,0,0
BRDA:456,104,1,0
BRDA:458,105,0,0
BRDA:458,105,1,0
BRDA:459,106,0,0
BRDA:459,106,1,0
BRDA:460,107,0,0
BRDA:460,107,1,0
BRDA:461,108,0,0
BRDA:461,108,1,0
BRDA:463,109,0,0
BRDA:463,109,1,0
BRDA:464,110,0,0
BRDA:464,110,1,0
BRDA:475,111,0,0
BRDA:475,111,1,0
BRDA:487,112,0,0
BRDA:487,112,1,0
BRDA:487,113,0,0
BRDA:487,113,1,0
BRDA:489,114,0,0
BRDA:489,114,1,0
BRDA:492,115,0,0
BRDA:492,115,1,0
BRDA:505,116,0,0
BRDA:505,116,1,0
BRDA:506,117,0,0
BRDA:506,117,1,0
BRDA:507,118,0,0
BRDA:507,118,1,0
BRDA:508,119,0,0
BRDA:508,119,1,0
BRDA:508,120,0,0
BRDA:508,120,1,0
BRDA:557,121,0,0
BRDA:557,121,1,0
BRDA:558,122,0,0
BRDA:558,122,1,0
BRDA:559,123,0,0
BRDA:559,123,1,0
BRDA:559,123,2,0
BRDA:559,123,3,0
BRDA:568,124,0,0
BRDA:568,124,1,0
BRDA:568,125,0,0
BRDA:568,125,1,0
BRDA:580,126,0,0
BRDA:580,126,1,0
BRDA:581,127,0,0
BRDA:581,127,1,0
BRDA:583,128,0,0
BRDA:583,128,1,0
BRDA:584,129,0,0
BRDA:584,129,1,0
BRDA:593,130,0,0
BRDA:593,130,1,0
BRDA:593,131,0,0
BRDA:593,131,1,0
BRDA:636,132,0,0
BRDA:636,132,1,0
BRDA:637,133,0,0
BRDA:637,133,1,0
BRDA:637,134,0,0
BRDA:637,134,1,0
BRDA:637,134,2,0
BRDA:637,134,3,0
BRDA:639,135,0,0
BRDA:639,135,1,0
BRDA:639,136,0,0
BRDA:639,136,1,0
BRDA:644,137,0,0
BRDA:644,137,1,0
BRDA:644,138,0,0
BRDA:644,138,1,0
BRDA:645,139,0,0
BRDA:645,139,1,0
BRDA:645,139,2,0
BRDA:659,140,0,0
BRDA:659,140,1,0
BRDA:660,141,0,0
BRDA:660,141,1,0
BRDA:666,142,0,0
BRDA:666,142,1,0
BRDA:666,143,0,0
BRDA:666,143,1,0
BRDA:666,143,2,0
BRDA:666,143,3,0
BRDA:689,144,0,0
BRDA:689,144,1,0
BRDA:701,145,0,0
BRDA:701,145,1,0
BRDA:702,146,0,0
BRDA:702,146,1,0
BRDA:714,147,0,0
BRDA:714,147,1,0
BRDA:725,148,0,0
BRDA:725,148,1,0
BRDA:726,149,0,0
BRDA:726,149,1,0
BRDA:728,150,0,0
BRDA:728,150,1,0
BRDA:729,151,0,0
BRDA:729,151,1,0
BRDA:734,152,0,0
BRDA:734,152,1,0
BRDA:735,153,0,0
BRDA:735,153,1,0
BRDA:736,154,0,0
BRDA:736,154,1,0
BRDA:737,155,0,0
BRDA:737,155,1,0
BRDA:738,156,0,0
BRDA:738,156,1,0
BRDA:738,156,2,0
BRDA:739,157,0,0
BRDA:739,157,1,0
BRDA:758,158,0,0
BRDA:758,158,1,0
BRDA:759,159,0,0
BRDA:759,159,1,0
BRDA:759,160,0,0
BRDA:759,160,1,0
BRDA:761,161,0,0
BRDA:761,161,1,0
BRF:354
BRH:0
end_of_record
TN:
SF:backend/controllers/chatController.js
FN:3,(anonymous_0)
FN:16,(anonymous_1)
FNF:2
FNH:0
FNDA:0,(anonymous_0)
FNDA:0,(anonymous_1)
DA:1,0
DA:3,0
DA:4,0
DA:5,0
DA:6,0
DA:7,0
DA:8,0
DA:9,0
DA:11,0
DA:12,0
DA:13,0
DA:16,0
DA:17,0
DA:19,0
DA:20,0
DA:21,0
DA:24,0
LF:17
LH:0
BRDA:5,0,0,0
BRDA:5,0,1,0
BRDA:6,1,0,0
BRDA:6,1,1,0
BRDA:7,2,0,0
BRDA:7,2,1,0
BRF:6
BRH:0
end_of_record
TN:
SF:backend/controllers/clinicController.js
FN:9,(anonymous_0)
FN:28,(anonymous_1)
FN:44,(anonymous_2)
FN:180,(anonymous_3)
FN:248,(anonymous_4)
FN:264,(anonymous_5)
FN:280,(anonymous_6)
FN:376,(anonymous_7)
FN:410,(anonymous_8)
FN:468,(anonymous_9)
FN:504,(anonymous_10)
FN:523,(anonymous_11)
FN:547,(anonymous_12)
FN:564,(anonymous_13)
FN:568,(anonymous_14)
FN:571,(anonymous_15)
FN:572,(anonymous_16)
FN:587,(anonymous_17)
FN:608,(anonymous_18)
FN:610,(anonymous_19)
FN:611,(anonymous_20)
FN:621,(anonymous_21)
FN:628,(anonymous_22)
FN:643,(anonymous_23)
FN:680,(anonymous_24)
FN:715,(anonymous_25)
FN:780,(anonymous_26)
FN:794,(anonymous_27)
FN:830,(anonymous_28)
FN:845,(anonymous_29)
FN:875,(anonymous_30)
FN:960,(anonymous_31)
FN:989,(anonymous_32)
FN:1001,(anonymous_33)
FN:1024,(anonymous_34)
FN:1036,(anonymous_35)
FN:1048,(anonymous_36)
FN:1202,(anonymous_37)
FN:1214,(anonymous_38)
FN:1223,(anonymous_39)
FN:1271,(anonymous_40)
FN:1295,(anonymous_41)
FN:1323,(anonymous_42)
FN:1346,(anonymous_43)
FN:1388,(anonymous_44)
FN:1406,(anonymous_45)
FN:1410,(anonymous_46)
FN:1430,(anonymous_47)
FN:1449,(anonymous_48)
FN:1492,(anonymous_49)
FN:1594,(anonymous_50)
FN:1643,(anonymous_51)
FN:1775,(anonymous_52)
FN:1792,(anonymous_53)
FN:1804,(anonymous_54)
FN:1822,(anonymous_55)
FNF:56
FNH:0
FNDA:0,(anonymous_0)
FNDA:0,(anonymous_1)
FNDA:0,(anonymous_2)
FNDA:0,(anonymous_3)
FNDA:0,(anonymous_4)
FNDA:0,(anonymous_5)
FNDA:0,(anonymous_6)
FNDA:0,(anonymous_7)
FNDA:0,(anonymous_8)
FNDA:0,(anonymous_9)
FNDA:0,(anonymous_10)
FNDA:0,(anonymous_11)
FNDA:0,(anonymous_12)
FNDA:0,(anonymous_13)
FNDA:0,(anonymous_14)
FNDA:0,(anonymous_15)
FNDA:0,(anonymous_16)
FNDA:0,(anonymous_17)
FNDA:0,(anonymous_18)
FNDA:0,(anonymous_19)
FNDA:0,(anonymous_20)
FNDA:0,(anonymous_21)
FNDA:0,(anonymous_22)
FNDA:0,(anonymous_23)
FNDA:0,(anonymous_24)
FNDA:0,(anonymous_25)
FNDA:0,(anonymous_26)
FNDA:0,(anonymous_27)
FNDA:0,(anonymous_28)
FNDA:0,(anonymous_29)
FNDA:0,(anonymous_30)
FNDA:0,(anonymous_31)
FNDA:0,(anonymous_32)
FNDA:0,(anonymous_33)
FNDA:0,(anonymous_34)
FNDA:0,(anonymous_35)
FNDA:0,(anonymous_36)
FNDA:0,(anonymous_37)
FNDA:0,(anonymous_38)
FNDA:0,(anonymous_39)
FNDA:0,(anonymous_40)
FNDA:0,(anonymous_41)
FNDA:0,(anonymous_42)
FNDA:0,(anonymous_43)
FNDA:0,(anonymous_44)
FNDA:0,(anonymous_45)
FNDA:0,(anonymous_46)
FNDA:0,(anonymous_47)
FNDA:0,(anonymous_48)
FNDA:0,(anonymous_49)
FNDA:0,(anonymous_50)
FNDA:0,(anonymous_51)
FNDA:0,(anonymous_52)
FNDA:0,(anonymous_53)
FNDA:0,(anonymous_54)
FNDA:0,(anonymous_55)
DA:1,0
DA:2,0
DA:3,0
DA:4,0
DA:5,0
DA:6,0
DA:9,0
DA:10,0
DA:11,0
DA:19,0
DA:25,0
DA:28,0
DA:29,0
DA:30,0
DA:31,0
DA:32,0
DA:33,0
DA:34,0
DA:35,0
DA:36,0
DA:37,0
DA:38,0
DA:39,0
DA:40,0
DA:41,0
DA:42,0
DA:44,0
DA:45,0
DA:46,0
DA:47,0
DA:49,0
DA:50,0
DA:52,0
DA:55,0
DA:56,0
DA:57,0
DA:58,0
DA:59,0
DA:60,0
DA:61,0
DA:65,0
DA:66,0
DA:68,0
DA:106,0
DA:109,0
DA:110,0
DA:111,0
DA:115,0
DA:120,0
DA:121,0
DA:122,0
DA:123,0
DA:130,0
DA:135,0
DA:137,0
DA:141,0
DA:147,0
DA:148,0
DA:149,0
DA:150,0
DA:151,0
DA:152,0
DA:153,0
DA:154,0
DA:155,0
DA:157,0
DA:158,0
DA:159,0
DA:160,0
DA:161,0
DA:162,0
DA:164,0
DA:168,0
DA:170,0
DA:171,0
DA:172,0
DA:175,0
DA:176,0
DA:180,0
DA:181,0
DA:182,0
DA:183,0
DA:184,0
DA:186,0
DA:187,0
DA:188,0
DA:189,0
DA:191,0
DA:196,0
DA:197,0
DA:198,0
DA:199,0
DA:200,0
DA:201,0
DA:204,0
DA:205,0
DA:206,0
DA:208,0
DA:209,0
DA:210,0
DA:211,0
DA:213,0
DA:214,0
DA:215,0
DA:219,0
DA:220,0
DA:221,0
DA:222,0
DA:223,0
DA:224,0
DA:225,0
DA:226,0
DA:227,0
DA:228,0
DA:229,0
DA:230,0
DA:231,0
DA:233,0
DA:234,0
DA:235,0
DA:236,0
DA:237,0
DA:238,0
DA:239,0
DA:241,0
DA:242,0
DA:243,0
DA:244,0
DA:248,0
DA:249,0
DA:250,0
DA:251,0
DA:252,0
DA:255,0
DA:257,0
DA:260,0
DA:261,0
DA:264,0
DA:265,0
DA:266,0
DA:267,0
DA:268,0
DA:269,0
DA:271,0
DA:272,0
DA:273,0
DA:274,0
DA:275,0
DA:276,0
DA:280,0
DA:281,0
DA:282,0
DA:283,0
DA:284,0
DA:285,0
DA:287,0
DA:290,0
DA:298,0
DA:299,0
DA:300,0
DA:307,0
DA:321,0
DA:324,0
DA:327,0
DA:328,0
DA:329,0
DA:332,0
DA:335,0
DA:336,0
DA:345,0
DA:347,0
DA:355,0
DA:356,0
DA:360,0
DA:366,0
DA:371,0
DA:372,0
DA:376,0
DA:377,0
DA:378,0
DA:379,0
DA:380,0
DA:381,0
DA:383,0
DA:384,0
DA:385,0
DA:386,0
DA:387,0
DA:388,0
DA:391,0
DA:397,0
DA:404,0
DA:405,0
DA:406,0
DA:410,0
DA:411,0
DA:412,0
DA:413,0
DA:414,0
DA:415,0
DA:417,0
DA:418,0
DA:425,0
DA:431,0
DA:432,0
DA:439,0
DA:449,0
DA:451,0
DA:462,0
DA:463,0
DA:468,0
DA:469,0
DA:470,0
DA:471,0
DA:473,0
DA:474,0
DA:475,0
DA:476,0
DA:477,0
DA:478,0
DA:483,0
DA:485,0
DA:488,0
DA:489,0
DA:492,0
DA:493,0
DA:494,0
DA:497,0
DA:504,0
DA:505,0
DA:506,0
DA:508,0
DA:511,0
DA:518,0
DA:519,0
DA:523,0
DA:524,0
DA:526,0
DA:528,0
DA:536,0
DA:537,0
DA:539,0
DA:540,0
DA:541,0
DA:542,0
DA:543,0
DA:545,0
DA:546,0
DA:547,0
DA:548,0
DA:549,0
DA:550,0
DA:551,0
DA:553,0
DA:554,0
DA:555,0
DA:559,0
DA:560,0
DA:561,0
DA:562,0
DA:564,0
DA:565,0
DA:566,0
DA:568,0
DA:569,0
DA:570,0
DA:571,0
DA:572,0
DA:573,0
DA:575,0
DA:582,0
DA:584,0
DA:585,0
DA:586,0
DA:587,0
DA:588,0
DA:589,0
DA:590,0
DA:591,0
DA:593,0
DA:594,0
DA:595,0
DA:597,0
DA:598,0
DA:599,0
DA:600,0
DA:602,0
DA:608,0
DA:610,0
DA:611,0
DA:617,0
DA:621,0
DA:622,0
DA:623,0
DA:624,0
DA:625,0
DA:626,0
DA:627,0
DA:628,0
DA:629,0
DA:630,0
DA:638,0
DA:639,0
DA:643,0
DA:644,0
DA:645,0
DA:646,0
DA:647,0
DA:649,0
DA:650,0
DA:651,0
DA:652,0
DA:655,0
DA:656,0
DA:668,0
DA:669,0
DA:670,0
DA:671,0
DA:672,0
DA:673,0
DA:675,0
DA:676,0
DA:680,0
DA:681,0
DA:682,0
DA:683,0
DA:686,0
DA:687,0
DA:690,0
DA:700,0
DA:702,0
DA:709,0
DA:710,0
DA:715,0
DA:716,0
DA:717,0
DA:718,0
DA:721,0
DA:722,0
DA:728,0
DA:733,0
DA:734,0
DA:740,0
DA:755,0
DA:757,0
DA:775,0
DA:776,0
DA:780,0
DA:781,0
DA:782,0
DA:783,0
DA:784,0
DA:789,0
DA:790,0
DA:791,0
DA:794,0
DA:795,0
DA:796,0
DA:797,0
DA:798,0
DA:800,0
DA:801,0
DA:802,0
DA:804,0
DA:805,0
DA:806,0
DA:807,0
DA:808,0
DA:810,0
DA:811,0
DA:818,0
DA:819,0
DA:824,0
DA:826,0
DA:827,0
DA:830,0
DA:831,0
DA:832,0
DA:833,0
DA:834,0
DA:838,0
DA:839,0
DA:840,0
DA:843,0
DA:845,0
DA:846,0
DA:847,0
DA:848,0
DA:849,0
DA:850,0
DA:851,0
DA:856,0
DA:857,0
DA:866,0
DA:870,0
DA:871,0
DA:872,0
DA:875,0
DA:876,0
DA:877,0
DA:878,0
DA:879,0
DA:880,0
DA:881,0
DA:884,0
DA:885,0
DA:886,0
DA:887,0
DA:889,0
DA:890,0
DA:900,0
DA:908,0
DA:910,0
DA:911,0
DA:912,0
DA:913,0
DA:914,0
DA:915,0
DA:916,0
DA:917,0
DA:918,0
DA:919,0
DA:921,0
DA:922,0
DA:927,0
DA:928,0
DA:929,0
DA:932,0
DA:934,0
DA:935,0
DA:936,0
DA:937,0
DA:938,0
DA:943,0
DA:947,0
DA:948,0
DA:949,0
DA:950,0
DA:951,0
DA:952,0
DA:955,0
DA:956,0
DA:957,0
DA:960,0
DA:961,0
DA:962,0
DA:964,0
DA:965,0
DA:968,0
DA:969,0
DA:974,0
DA:977,0
DA:978,0
DA:983,0
DA:985,0
DA:986,0
DA:989,0
DA:990,0
DA:991,0
DA:992,0
DA:993,0
DA:996,0
DA:998,0
DA:999,0
DA:1000,0
DA:1001,0
DA:1002,0
DA:1003,0
DA:1014,0
DA:1015,0
DA:1018,0
DA:1019,0
DA:1020,0
DA:1021,0
DA:1024,0
DA:1025,0
DA:1026,0
DA:1031,0
DA:1032,0
DA:1033,0
DA:1036,0
DA:1037,0
DA:1038,0
DA:1043,0
DA:1044,0
DA:1045,0
DA:1048,0
DA:1049,0
DA:1050,0
DA:1051,0
DA:1052,0
DA:1053,0
DA:1054,0
DA:1056,0
DA:1057,0
DA:1064,0
DA:1065,0
DA:1066,0
DA:1072,0
DA:1073,0
DA:1076,0
DA:1094,0
DA:1095,0
DA:1096,0
DA:1097,0
DA:1100,0
DA:1101,0
DA:1102,0
DA:1104,0
DA:1105,0
DA:1106,0
DA:1110,0
DA:1111,0
DA:1113,0
DA:1120,0
DA:1121,0
DA:1122,0
DA:1125,0
DA:1130,0
DA:1131,0
DA:1132,0
DA:1135,0
DA:1137,0
DA:1145,0
DA:1146,0
DA:1147,0
DA:1149,0
DA:1153,0
DA:1158,0
DA:1159,0
DA:1163,0
DA:1165,0
DA:1170,0
DA:1174,0
DA:1180,0
DA:1182,0
DA:1197,0
DA:1198,0
DA:1202,0
DA:1203,0
DA:1204,0
DA:1208,0
DA:1209,0
DA:1210,0
DA:1214,0
DA:1215,0
DA:1216,0
DA:1217,0
DA:1218,0
DA:1219,0
DA:1220,0
DA:1223,0
DA:1224,0
DA:1225,0
DA:1226,0
DA:1227,0
DA:1228,0
DA:1229,0
DA:1231,0
DA:1232,0
DA:1233,0
DA:1234,0
DA:1235,0
DA:1237,0
DA:1239,0
DA:1240,0
DA:1241,0
DA:1251,0
DA:1252,0
DA:1255,0
DA:1266,0
DA:1267,0
DA:1268,0
DA:1271,0
DA:1272,0
DA:1273,0
DA:1274,0
DA:1275,0
DA:1276,0
DA:1277,0
DA:1278,0
DA:1280,0
DA:1281,0
DA:1282,0
DA:1283,0
DA:1284,0
DA:1285,0
DA:1287,0
DA:1288,0
DA:1289,0
DA:1290,0
DA:1291,0
DA:1292,0
DA:1295,0
DA:1296,0
DA:1297,0
DA:1298,0
DA:1300,0
DA:1301,0
DA:1302,0
DA:1303,0
DA:1304,0
DA:1307,0
DA:1308,0
DA:1309,0
DA:1310,0
DA:1314,0
DA:1315,0
DA:1316,0
DA:1318,0
DA:1323,0
DA:1324,0
DA:1325,0
DA:1326,0
DA:1327,0
DA:1328,0
DA:1329,0
DA:1331,0
DA:1332,0
DA:1334,0
DA:1339,0
DA:1341,0
DA:1342,0
DA:1346,0
DA:1347,0
DA:1348,0
DA:1349,0
DA:1350,0
DA:1352,0
DA:1353,0
DA:1355,0
DA:1358,0
DA:1359,0
DA:1360,0
DA:1361,0
DA:1362,0
DA:1364,0
DA:1369,0
DA:1379,0
DA:1380,0
DA:1381,0
DA:1383,0
DA:1384,0
DA:1386,0
DA:1387,0
DA:1388,0
DA:1390,0
DA:1395,0
DA:1397,0
DA:1398,0
DA:1403,0
DA:1404,0
DA:1405,0
DA:1406,0
DA:1408,0
DA:1409,0
DA:1410,0
DA:1412,0
DA:1414,0
DA:1418,0
DA:1419,0
DA:1421,0
DA:1423,0
DA:1424,0
DA:1430,0
DA:1431,0
DA:1432,0
DA:1433,0
DA:1434,0
DA:1435,0
DA:1436,0
DA:1438,0
DA:1439,0
DA:1440,0
DA:1441,0
DA:1443,0
DA:1444,0
DA:1445,0
DA:1446,0
DA:1449,0
DA:1450,0
DA:1451,0
DA:1452,0
DA:1453,0
DA:1455,0
DA:1456,0
DA:1457,0
DA:1460,0
DA:1461,0
DA:1462,0
DA:1463,0
DA:1464,0
DA:1465,0
DA:1468,0
DA:1469,0
DA:1470,0
DA:1471,0
DA:1473,0
DA:1475,0
DA:1476,0
DA:1477,0
DA:1484,0
DA:1485,0
DA:1488,0
DA:1489,0
DA:1492,0
DA:1493,0
DA:1494,0
DA:1495,0
DA:1496,0
DA:1497,0
DA:1498,0
DA:1499,0
DA:1501,0
DA:1502,0
DA:1504,0
DA:1505,0
DA:1507,0
DA:1511,0
DA:1512,0
DA:1513,0
DA:1514,0
DA:1515,0
DA:1516,0
DA:1517,0
DA:1523,0
DA:1524,0
DA:1525,0
DA:1526,0
DA:1527,0
DA:1528,0
DA:1536,0
DA:1537,0
DA:1542,0
DA:1543,0
DA:1544,0
DA:1545,0
DA:1546,0
DA:1547,0
DA:1548,0
DA:1549,0
DA:1550,0
DA:1551,0
DA:1552,0
DA:1553,0
DA:1554,0
DA:1555,0
DA:1559,0
DA:1565,0
DA:1566,0
DA:1567,0
DA:1568,0
DA:1569,0
DA:1570,0
DA:1571,0
DA:1572,0
DA:1573,0
DA:1574,0
DA:1583,0
DA:1588,0
DA:1589,0
DA:1594,0
DA:1595,0
DA:1596,0
DA:1597,0
DA:1598,0
DA:1599,0
DA:1601,0
DA:1602,0
DA:1603,0
DA:1606,0
DA:1607,0
DA:1610,0
DA:1611,0
DA:1612,0
DA:1615,0
DA:1616,0
DA:1624,0
DA:1631,0
DA:1635,0
DA:1637,0
DA:1638,0
DA:1643,0
DA:1644,0
DA:1645,0
DA:1648,0
DA:1649,0
DA:1655,0
DA:1656,0
DA:1657,0
DA:1658,0
DA:1659,0
DA:1661,0
DA:1662,0
DA:1665,0
DA:1677,0
DA:1688,0
DA:1689,0
DA:1690,0
DA:1691,0
DA:1694,0
DA:1696,0
DA:1699,0
DA:1700,0
DA:1703,0
DA:1704,0
DA:1708,0
DA:1719,0
DA:1722,0
DA:1730,0
DA:1732,0
DA:1735,0
DA:1736,0
DA:1738,0
DA:1739,0
DA:1747,0
DA:1756,0
DA:1759,0
DA:1766,0
DA:1767,0
DA:1775,0
DA:1776,0
DA:1777,0
DA:1778,0
DA:1779,0
DA:1781,0
DA:1782,0
DA:1784,0
DA:1786,0
DA:1787,0
DA:1792,0
DA:1793,0
DA:1794,0
DA:1795,0
DA:1797,0
DA:1799,0
DA:1800,0
DA:1804,0
DA:1805,0
DA:1806,0
DA:1808,0
DA:1817,0
DA:1818,0
DA:1819,0
DA:1822,0
DA:1823,0
DA:1824,0
DA:1825,0
DA:1828,0
DA:1829,0
DA:1830,0
DA:1832,0
DA:1833,0
DA:1836,0
DA:1837,0
DA:1838,0
DA:1841,0
DA:1842,0
DA:1845,0
DA:1852,0
DA:1854,0
DA:1857,0
DA:1863,0
DA:1865,0
DA:1867,0
DA:1873,0
DA:1874,0
DA:1879,0
LF:868
LH:0
BRDA:32,0,0,0
BRDA:32,0,1,0
BRDA:36,1,0,0
BRDA:36,1,1,0
BRDA:39,2,0,0
BRDA:39,2,1,0
BRDA:39,3,0,0
BRDA:39,3,1,0
BRDA:39,3,2,0
BRDA:40,4,0,0
BRDA:40,4,1,0
BRDA:40,4,2,0
BRDA:40,4,3,0
BRDA:41,5,0,0
BRDA:41,5,1,0
BRDA:41,5,2,0
BRDA:42,6,0,0
BRDA:42,6,1,0
BRDA:50,7,0,0
BRDA:50,7,1,0
BRDA:52,8,0,0
BRDA:52,8,1,0
BRDA:57,9,0,0
BRDA:57,9,1,0
BRDA:59,10,0,0
BRDA:59,10,1,0
BRDA:65,11,0,0
BRDA:65,11,1,0
BRDA:66,12,0,0
BRDA:66,12,1,0
BRDA:75,13,0,0
BRDA:75,13,1,0
BRDA:77,14,0,0
BRDA:77,14,1,0
BRDA:82,15,0,0
BRDA:82,15,1,0
BRDA:84,16,0,0
BRDA:84,16,1,0
BRDA:85,17,0,0
BRDA:85,17,1,0
BRDA:87,18,0,0
BRDA:87,18,1,0
BRDA:91,19,0,0
BRDA:91,19,1,0
BRDA:92,20,0,0
BRDA:92,20,1,0
BRDA:93,21,0,0
BRDA:93,21,1,0
BRDA:94,22,0,0
BRDA:94,22,1,0
BRDA:95,23,0,0
BRDA:95,23,1,0
BRDA:109,24,0,0
BRDA:109,24,1,0
BRDA:120,25,0,0
BRDA:120,25,1,0
BRDA:151,26,0,0
BRDA:151,26,1,0
BRDA:151,27,0,0
BRDA:151,27,1,0
BRDA:153,28,0,0
BRDA:153,28,1,0
BRDA:155,29,0,0
BRDA:155,29,1,0
BRDA:155,30,0,0
BRDA:155,30,1,0
BRDA:155,31,0,0
BRDA:155,31,1,0
BRDA:158,32,0,0
BRDA:158,32,1,0
BRDA:158,33,0,0
BRDA:158,33,1,0
BRDA:159,34,0,0
BRDA:159,34,1,0
BRDA:161,35,0,0
BRDA:161,35,1,0
BRDA:168,36,0,0
BRDA:168,36,1,0
BRDA:170,37,0,0
BRDA:170,37,1,0
BRDA:170,37,2,0
BRDA:182,38,0,0
BRDA:182,38,1,0
BRDA:183,39,0,0
BRDA:183,39,1,0
BRDA:184,40,0,0
BRDA:184,40,1,0
BRDA:184,41,0,0
BRDA:184,41,1,0
BRDA:197,42,0,0
BRDA:197,42,1,0
BRDA:199,43,0,0
BRDA:199,43,1,0
BRDA:204,44,0,0
BRDA:204,44,1,0
BRDA:204,44,2,0
BRDA:205,45,0,0
BRDA:205,45,1,0
BRDA:205,46,0,0
BRDA:205,46,1,0
BRDA:208,47,0,0
BRDA:208,47,1,0
BRDA:209,48,0,0
BRDA:209,48,1,0
BRDA:211,49,0,0
BRDA:211,49,1,0
BRDA:220,50,0,0
BRDA:220,50,1,0
BRDA:221,51,0,0
BRDA:221,51,1,0
BRDA:222,52,0,0
BRDA:222,52,1,0
BRDA:223,53,0,0
BRDA:223,53,1,0
BRDA:224,54,0,0
BRDA:224,54,1,0
BRDA:224,55,0,0
BRDA:224,55,1,0
BRDA:225,56,0,0
BRDA:225,56,1,0
BRDA:226,57,0,0
BRDA:226,57,1,0
BRDA:228,58,0,0
BRDA:228,58,1,0
BRDA:235,59,0,0
BRDA:235,59,1,0
BRDA:236,60,0,0
BRDA:236,60,1,0
BRDA:237,61,0,0
BRDA:237,61,1,0
BRDA:237,61,2,0
BRDA:241,62,0,0
BRDA:241,62,1,0
BRDA:250,63,0,0
BRDA:250,63,1,0
BRDA:255,64,0,0
BRDA:255,64,1,0
BRDA:255,65,0,0
BRDA:255,65,1,0
BRDA:257,66,0,0
BRDA:257,66,1,0
BRDA:266,67,0,0
BRDA:266,67,1,0
BRDA:267,68,0,0
BRDA:267,68,1,0
BRDA:267,69,0,0
BRDA:267,69,1,0
BRDA:269,70,0,0
BRDA:269,70,1,0
BRDA:274,71,0,0
BRDA:274,71,1,0
BRDA:282,72,0,0
BRDA:282,72,1,0
BRDA:283,73,0,0
BRDA:283,73,1,0
BRDA:284,74,0,0
BRDA:284,74,1,0
BRDA:285,75,0,0
BRDA:285,75,1,0
BRDA:285,76,0,0
BRDA:285,76,1,0
BRDA:285,76,2,0
BRDA:287,77,0,0
BRDA:287,77,1,0
BRDA:287,78,0,0
BRDA:287,78,1,0
BRDA:298,79,0,0
BRDA:298,79,1,0
BRDA:309,80,0,0
BRDA:309,80,1,0
BRDA:309,81,0,0
BRDA:309,81,1,0
BRDA:310,82,0,0
BRDA:310,82,1,0
BRDA:310,83,0,0
BRDA:310,83,1,0
BRDA:311,84,0,0
BRDA:311,84,1,0
BRDA:311,85,0,0
BRDA:311,85,1,0
BRDA:315,86,0,0
BRDA:315,86,1,0
BRDA:324,87,0,0
BRDA:324,87,1,0
BRDA:327,88,0,0
BRDA:327,88,1,0
BRDA:327,89,0,0
BRDA:327,89,1,0
BRDA:345,90,0,0
BRDA:345,90,1,0
BRDA:355,91,0,0
BRDA:355,91,1,0
BRDA:378,92,0,0
BRDA:378,92,1,0
BRDA:379,93,0,0
BRDA:379,93,1,0
BRDA:379,93,2,0
BRDA:380,94,0,0
BRDA:380,94,1,0
BRDA:380,94,2,0
BRDA:381,95,0,0
BRDA:381,95,1,0
BRDA:381,96,0,0
BRDA:381,96,1,0
BRDA:385,97,0,0
BRDA:385,97,1,0
BRDA:386,98,0,0
BRDA:386,98,1,0
BRDA:387,99,0,0
BRDA:387,99,1,0
BRDA:387,100,0,0
BRDA:387,100,1,0
BRDA:387,101,0,0
BRDA:387,101,1,0
BRDA:404,102,0,0
BRDA:404,102,1,0
BRDA:412,103,0,0
BRDA:412,103,1,0
BRDA:413,104,0,0
BRDA:413,104,1,0
BRDA:414,105,0,0
BRDA:414,105,1,0
BRDA:415,106,0,0
BRDA:415,106,1,0
BRDA:417,107,0,0
BRDA:417,107,1,0
BRDA:417,108,0,0
BRDA:417,108,1,0
BRDA:417,108,2,0
BRDA:431,109,0,0
BRDA:431,109,1,0
BRDA:449,110,0,0
BRDA:449,110,1,0
BRDA:470,111,0,0
BRDA:470,111,1,0
BRDA:471,112,0,0
BRDA:471,112,1,0
BRDA:474,113,0,0
BRDA:474,113,1,0
BRDA:476,114,0,0
BRDA:476,114,1,0
BRDA:477,115,0,0
BRDA:477,115,1,0
BRDA:483,116,0,0
BRDA:483,116,1,0
BRDA:488,117,0,0
BRDA:488,117,1,0
BRDA:488,118,0,0
BRDA:488,118,1,0
BRDA:492,119,0,0
BRDA:492,119,1,0
BRDA:493,120,0,0
BRDA:493,120,1,0
BRDA:493,121,0,0
BRDA:493,121,1,0
BRDA:493,122,0,0
BRDA:493,122,1,0
BRDA:505,123,0,0
BRDA:505,123,1,0
BRDA:508,124,0,0
BRDA:508,124,1,0
BRDA:508,125,0,0
BRDA:508,125,1,0
BRDA:509,126,0,0
BRDA:509,126,1,0
BRDA:509,127,0,0
BRDA:509,127,1,0
BRDA:514,128,0,0
BRDA:514,128,1,0
BRDA:526,129,0,0
BRDA:526,129,1,0
BRDA:540,130,0,0
BRDA:540,130,1,0
BRDA:545,131,0,0
BRDA:545,131,1,0
BRDA:546,132,0,0
BRDA:546,132,1,0
BRDA:551,133,0,0
BRDA:551,133,1,0
BRDA:553,134,0,0
BRDA:553,134,1,0
BRDA:562,135,0,0
BRDA:562,135,1,0
BRDA:565,136,0,0
BRDA:565,136,1,0
BRDA:566,137,0,0
BRDA:566,137,1,0
BRDA:566,137,2,0
BRDA:569,138,0,0
BRDA:569,138,1,0
BRDA:569,139,0,0
BRDA:569,139,1,0
BRDA:570,140,0,0
BRDA:570,140,1,0
BRDA:571,141,0,0
BRDA:571,141,1,0
BRDA:573,142,0,0
BRDA:573,142,1,0
BRDA:576,143,0,0
BRDA:576,143,1,0
BRDA:578,144,0,0
BRDA:578,144,1,0
BRDA:582,145,0,0
BRDA:582,145,1,0
BRDA:584,146,0,0
BRDA:584,146,1,0
BRDA:584,146,2,0
BRDA:588,147,0,0
BRDA:588,147,1,0
BRDA:588,147,2,0
BRDA:589,148,0,0
BRDA:589,148,1,0
BRDA:589,148,2,0
BRDA:589,149,0,0
BRDA:589,149,1,0
BRDA:589,150,0,0
BRDA:589,150,1,0
BRDA:590,151,0,0
BRDA:590,151,1,0
BRDA:593,152,0,0
BRDA:593,152,1,0
BRDA:594,153,0,0
BRDA:594,153,1,0
BRDA:594,154,0,0
BRDA:594,154,1,0
BRDA:595,155,0,0
BRDA:595,155,1,0
BRDA:624,156,0,0
BRDA:624,156,1,0
BRDA:625,157,0,0
BRDA:625,157,1,0
BRDA:626,158,0,0
BRDA:626,158,1,0
BRDA:629,159,0,0
BRDA:629,159,1,0
BRDA:632,160,0,0
BRDA:632,160,1,0
BRDA:633,161,0,0
BRDA:633,161,1,0
BRDA:634,162,0,0
BRDA:634,162,1,0
BRDA:635,163,0,0
BRDA:635,163,1,0
BRDA:638,164,0,0
BRDA:638,164,1,0
BRDA:646,165,0,0
BRDA:646,165,1,0
BRDA:647,166,0,0
BRDA:647,166,1,0
BRDA:652,167,0,0
BRDA:652,167,1,0
BRDA:655,168,0,0
BRDA:655,168,1,0
BRDA:658,169,0,0
BRDA:658,169,1,0
BRDA:662,170,0,0
BRDA:662,170,1,0
BRDA:669,171,0,0
BRDA:669,171,1,0
BRDA:670,172,0,0
BRDA:670,172,1,0
BRDA:671,173,0,0
BRDA:671,173,1,0
BRDA:672,174,0,0
BRDA:672,174,1,0
BRDA:673,175,0,0
BRDA:673,175,1,0
BRDA:686,176,0,0
BRDA:686,176,1,0
BRDA:686,177,0,0
BRDA:686,177,1,0
BRDA:686,177,2,0
BRDA:695,178,0,0
BRDA:695,178,1,0
BRDA:696,179,0,0
BRDA:696,179,1,0
BRDA:700,180,0,0
BRDA:700,180,1,0
BRDA:721,181,0,0
BRDA:721,181,1,0
BRDA:721,182,0,0
BRDA:721,182,1,0
BRDA:733,183,0,0
BRDA:733,183,1,0
BRDA:744,184,0,0
BRDA:744,184,1,0
BRDA:745,185,0,0
BRDA:745,185,1,0
BRDA:746,186,0,0
BRDA:746,186,1,0
BRDA:747,187,0,0
BRDA:747,187,1,0
BRDA:748,188,0,0
BRDA:748,188,1,0
BRDA:755,189,0,0
BRDA:755,189,1,0
BRDA:765,190,0,0
BRDA:765,190,1,0
BRDA:766,191,0,0
BRDA:766,191,1,0
BRDA:767,192,0,0
BRDA:767,192,1,0
BRDA:768,193,0,0
BRDA:768,193,1,0
BRDA:769,194,0,0
BRDA:769,194,1,0
BRDA:782,195,0,0
BRDA:782,195,1,0
BRDA:783,196,0,0
BRDA:783,196,1,0
BRDA:789,197,0,0
BRDA:789,197,1,0
BRDA:797,198,0,0
BRDA:797,198,1,0
BRDA:798,199,0,0
BRDA:798,199,1,0
BRDA:801,200,0,0
BRDA:801,200,1,0
BRDA:802,201,0,0
BRDA:802,201,1,0
BRDA:804,202,0,0
BRDA:804,202,1,0
BRDA:804,203,0,0
BRDA:804,203,1,0
BRDA:805,204,0,0
BRDA:805,204,1,0
BRDA:824,205,0,0
BRDA:824,205,1,0
BRDA:832,206,0,0
BRDA:832,206,1,0
BRDA:833,207,0,0
BRDA:833,207,1,0
BRDA:838,208,0,0
BRDA:838,208,1,0
BRDA:848,209,0,0
BRDA:848,209,1,0
BRDA:849,210,0,0
BRDA:849,210,1,0
BRDA:849,211,0,0
BRDA:849,211,1,0
BRDA:850,212,0,0
BRDA:850,212,1,0
BRDA:856,213,0,0
BRDA:856,213,1,0
BRDA:858,214,0,0
BRDA:858,214,1,0
BRDA:858,215,0,0
BRDA:858,215,1,0
BRDA:859,216,0,0
BRDA:859,216,1,0
BRDA:860,217,0,0
BRDA:860,217,1,0
BRDA:861,218,0,0
BRDA:861,218,1,0
BRDA:862,219,0,0
BRDA:862,219,1,0
BRDA:870,220,0,0
BRDA:870,220,1,0
BRDA:877,221,0,0
BRDA:877,221,1,0
BRDA:877,221,2,0
BRDA:878,222,0,0
BRDA:878,222,1,0
BRDA:879,223,0,0
BRDA:879,223,1,0
BRDA:879,224,0,0
BRDA:879,224,1,0
BRDA:879,224,2,0
BRDA:884,225,0,0
BRDA:884,225,1,0
BRDA:889,226,0,0
BRDA:889,226,1,0
BRDA:901,227,0,0
BRDA:901,227,1,0
BRDA:902,228,0,0
BRDA:902,228,1,0
BRDA:903,229,0,0
BRDA:903,229,1,0
BRDA:903,230,0,0
BRDA:903,230,1,0
BRDA:904,231,0,0
BRDA:904,231,1,0
BRDA:904,232,0,0
BRDA:904,232,1,0
BRDA:908,233,0,0
BRDA:908,233,1,0
BRDA:912,234,0,0
BRDA:912,234,1,0
BRDA:913,235,0,0
BRDA:913,235,1,0
BRDA:913,236,0,0
BRDA:913,236,1,0
BRDA:914,237,0,0
BRDA:914,237,1,0
BRDA:916,238,0,0
BRDA:916,238,1,0
BRDA:917,239,0,0
BRDA:917,239,1,0
BRDA:917,240,0,0
BRDA:917,240,1,0
BRDA:918,241,0,0
BRDA:918,241,1,0
BRDA:918,242,0,0
BRDA:918,242,1,0
BRDA:918,243,0,0
BRDA:918,243,1,0
BRDA:921,244,0,0
BRDA:921,244,1,0
BRDA:927,245,0,0
BRDA:927,245,1,0
BRDA:928,246,0,0
BRDA:928,246,1,0
BRDA:934,247,0,0
BRDA:934,247,1,0
BRDA:934,248,0,0
BRDA:934,248,1,0
BRDA:937,249,0,0
BRDA:937,249,1,0
BRDA:937,250,0,0
BRDA:937,250,1,0
BRDA:947,251,0,0
BRDA:947,251,1,0
BRDA:947,252,0,0
BRDA:947,252,1,0
BRDA:951,253,0,0
BRDA:951,253,1,0
BRDA:951,254,0,0
BRDA:951,254,1,0
BRDA:955,255,0,0
BRDA:955,255,1,0
BRDA:955,256,0,0
BRDA:955,256,1,0
BRDA:964,257,0,0
BRDA:964,257,1,0
BRDA:968,258,0,0
BRDA:968,258,1,0
BRDA:983,259,0,0
BRDA:983,259,1,0
BRDA:991,260,0,0
BRDA:991,260,1,0
BRDA:992,261,0,0
BRDA:992,261,1,0
BRDA:992,262,0,0
BRDA:992,262,1,0
BRDA:1005,263,0,0
BRDA:1005,263,1,0
BRDA:1005,263,2,0
BRDA:1005,263,3,0
BRDA:1006,264,0,0
BRDA:1006,264,1,0
BRDA:1006,264,2,0
BRDA:1006,264,3,0
BRDA:1007,265,0,0
BRDA:1007,265,1,0
BRDA:1007,265,2,0
BRDA:1008,266,0,0
BRDA:1008,266,1,0
BRDA:1008,266,2,0
BRDA:1008,266,3,0
BRDA:1009,267,0,0
BRDA:1009,267,1,0
BRDA:1019,268,0,0
BRDA:1019,268,1,0
BRDA:1031,269,0,0
BRDA:1031,269,1,0
BRDA:1043,270,0,0
BRDA:1043,270,1,0
BRDA:1050,271,0,0
BRDA:1050,271,1,0
BRDA:1051,272,0,0
BRDA:1051,272,1,0
BRDA:1052,273,0,0
BRDA:1052,273,1,0
BRDA:1053,274,0,0
BRDA:1053,274,1,0
BRDA:1053,275,0,0
BRDA:1053,275,1,0
BRDA:1056,276,0,0
BRDA:1056,276,1,0
BRDA:1056,277,0,0
BRDA:1056,277,1,0
BRDA:1065,278,0,0
BRDA:1065,278,1,0
BRDA:1073,279,0,0
BRDA:1073,279,1,0
BRDA:1086,280,0,0
BRDA:1086,280,1,0
BRDA:1095,281,0,0
BRDA:1095,281,1,0
BRDA:1104,282,0,0
BRDA:1104,282,1,0
BRDA:1120,283,0,0
BRDA:1120,283,1,0
BRDA:1130,284,0,0
BRDA:1130,284,1,0
BRDA:1130,285,0,0
BRDA:1130,285,1,0
BRDA:1145,286,0,0
BRDA:1145,286,1,0
BRDA:1159,287,0,0
BRDA:1159,287,1,0
BRDA:1180,288,0,0
BRDA:1180,288,1,0
BRDA:1190,289,0,0
BRDA:1190,289,1,0
BRDA:1191,290,0,0
BRDA:1191,290,1,0
BRDA:1208,291,0,0
BRDA:1208,291,1,0
BRDA:1217,292,0,0
BRDA:1217,292,1,0
BRDA:1227,293,0,0
BRDA:1227,293,1,0
BRDA:1228,294,0,0
BRDA:1228,294,1,0
BRDA:1229,295,0,0
BRDA:1229,295,1,0
BRDA:1233,296,0,0
BRDA:1233,296,1,0
BRDA:1234,297,0,0
BRDA:1234,297,1,0
BRDA:1237,298,0,0
BRDA:1237,298,1,0
BRDA:1237,298,2,0
BRDA:1239,299,0,0
BRDA:1239,299,1,0
BRDA:1240,300,0,0
BRDA:1240,300,1,0
BRDA:1266,301,0,0
BRDA:1266,301,1,0
BRDA:1275,302,0,0
BRDA:1275,302,1,0
BRDA:1276,303,0,0
BRDA:1276,303,1,0
BRDA:1277,304,0,0
BRDA:1277,304,1,0
BRDA:1282,305,0,0
BRDA:1282,305,1,0
BRDA:1283,306,0,0
BRDA:1283,306,1,0
BRDA:1284,307,0,0
BRDA:1284,307,1,0
BRDA:1285,308,0,0
BRDA:1285,308,1,0
BRDA:1289,309,0,0
BRDA:1289,309,1,0
BRDA:1290,310,0,0
BRDA:1290,310,1,0
BRDA:1291,311,0,0
BRDA:1291,311,1,0
BRDA:1298,312,0,0
BRDA:1298,312,1,0
BRDA:1300,313,0,0
BRDA:1300,313,1,0
BRDA:1301,314,0,0
BRDA:1301,314,1,0
BRDA:1302,315,0,0
BRDA:1302,315,1,0
BRDA:1303,316,0,0
BRDA:1303,316,1,0
BRDA:1303,317,0,0
BRDA:1303,317,1,0
BRDA:1304,318,0,0
BRDA:1304,318,1,0
BRDA:1307,319,0,0
BRDA:1307,319,1,0
BRDA:1307,320,0,0
BRDA:1307,320,1,0
BRDA:1309,321,0,0
BRDA:1309,321,1,0
BRDA:1315,322,0,0
BRDA:1315,322,1,0
BRDA:1326,323,0,0
BRDA:1326,323,1,0
BRDA:1327,324,0,0
BRDA:1327,324,1,0
BRDA:1328,325,0,0
BRDA:1328,325,1,0
BRDA:1329,326,0,0
BRDA:1329,326,1,0
BRDA:1332,327,0,0
BRDA:1332,327,1,0
BRDA:1336,328,0,0
BRDA:1336,328,1,0
BRDA:1339,329,0,0
BRDA:1339,329,1,0
BRDA:1341,330,0,0
BRDA:1341,330,1,0
BRDA:1352,331,0,0
BRDA:1352,331,1,0
BRDA:1353,332,0,0
BRDA:1353,332,1,0
BRDA:1358,333,0,0
BRDA:1358,333,1,0
BRDA:1359,334,0,0
BRDA:1359,334,1,0
BRDA:1387,335,0,0
BRDA:1387,335,1,0
BRDA:1390,336,0,0
BRDA:1390,336,1,0
BRDA:1404,337,0,0
BRDA:1404,337,1,0
BRDA:1408,338,0,0
BRDA:1408,338,1,0
BRDA:1409,339,0,0
BRDA:1409,339,1,0
BRDA:1433,340,0,0
BRDA:1433,340,1,0
BRDA:1434,341,0,0
BRDA:1434,341,1,0
BRDA:1435,342,0,0
BRDA:1435,342,1,0
BRDA:1436,343,0,0
BRDA:1436,343,1,0
BRDA:1438,344,0,0
BRDA:1438,344,1,0
BRDA:1440,345,0,0
BRDA:1440,345,1,0
BRDA:1441,346,0,0
BRDA:1441,346,1,0
BRDA:1441,346,2,0
BRDA:1444,347,0,0
BRDA:1444,347,1,0
BRDA:1453,348,0,0
BRDA:1453,348,1,0
BRDA:1455,349,0,0
BRDA:1455,349,1,0
BRDA:1456,350,0,0
BRDA:1456,350,1,0
BRDA:1462,351,0,0
BRDA:1462,351,1,0
BRDA:1463,352,0,0
BRDA:1463,352,1,0
BRDA:1464,353,0,0
BRDA:1464,353,1,0
BRDA:1469,354,0,0
BRDA:1469,354,1,0
BRDA:1469,354,2,0
BRDA:1470,355,0,0
BRDA:1470,355,1,0
BRDA:1470,356,0,0
BRDA:1470,356,1,0
BRDA:1473,357,0,0
BRDA:1473,357,1,0
BRDA:1473,358,0,0
BRDA:1473,358,1,0
BRDA:1473,359,0,0
BRDA:1473,359,1,0
BRDA:1475,360,0,0
BRDA:1475,360,1,0
BRDA:1476,361,0,0
BRDA:1476,361,1,0
BRDA:1476,362,0,0
BRDA:1476,362,1,0
BRDA:1479,363,0,0
BRDA:1479,363,1,0
BRDA:1479,363,2,0
BRDA:1480,364,0,0
BRDA:1480,364,1,0
BRDA:1480,364,2,0
BRDA:1481,365,0,0
BRDA:1481,365,1,0
BRDA:1484,366,0,0
BRDA:1484,366,1,0
BRDA:1496,367,0,0
BRDA:1496,367,1,0
BRDA:1497,368,0,0
BRDA:1497,368,1,0
BRDA:1498,369,0,0
BRDA:1498,369,1,0
BRDA:1498,370,0,0
BRDA:1498,370,1,0
BRDA:1499,371,0,0
BRDA:1499,371,1,0
BRDA:1512,372,0,0
BRDA:1512,372,1,0
BRDA:1513,373,0,0
BRDA:1513,373,1,0
BRDA:1516,374,0,0
BRDA:1516,374,1,0
BRDA:1523,375,0,0
BRDA:1523,375,1,0
BRDA:1525,376,0,0
BRDA:1525,376,1,0
BRDA:1526,377,0,0
BRDA:1526,377,1,0
BRDA:1527,378,0,0
BRDA:1527,378,1,0
BRDA:1527,379,0,0
BRDA:1527,379,1,0
BRDA:1530,380,0,0
BRDA:1530,380,1,0
BRDA:1531,381,0,0
BRDA:1531,381,1,0
BRDA:1533,382,0,0
BRDA:1533,382,1,0
BRDA:1537,383,0,0
BRDA:1537,383,1,0
BRDA:1542,384,0,0
BRDA:1542,384,1,0
BRDA:1544,385,0,0
BRDA:1544,385,1,0
BRDA:1544,386,0,0
BRDA:1544,386,1,0
BRDA:1549,387,0,0
BRDA:1549,387,1,0
BRDA:1551,388,0,0
BRDA:1551,388,1,0
BRDA:1553,389,0,0
BRDA:1553,389,1,0
BRDA:1559,390,0,0
BRDA:1559,390,1,0
BRDA:1565,391,0,0
BRDA:1565,391,1,0
BRDA:1565,392,0,0
BRDA:1565,392,1,0
BRDA:1567,393,0,0
BRDA:1567,393,1,0
BRDA:1568,394,0,0
BRDA:1568,394,1,0
BRDA:1569,395,0,0
BRDA:1569,395,1,0
BRDA:1570,396,0,0
BRDA:1570,396,1,0
BRDA:1571,397,0,0
BRDA:1571,397,1,0
BRDA:1571,398,0,0
BRDA:1571,398,1,0
BRDA:1573,399,0,0
BRDA:1573,399,1,0
BRDA:1573,399,2,0
BRDA:1573,400,0,0
BRDA:1573,400,1,0
BRDA:1577,401,0,0
BRDA:1577,401,1,0
BRDA:1579,402,0,0
BRDA:1579,402,1,0
BRDA:1580,403,0,0
BRDA:1580,403,1,0
BRDA:1583,404,0,0
BRDA:1583,404,1,0
BRDA:1599,405,0,0
BRDA:1599,405,1,0
BRDA:1601,406,0,0
BRDA:1601,406,1,0
BRDA:1610,407,0,0
BRDA:1610,407,1,0
BRDA:1612,408,0,0
BRDA:1612,408,1,0
BRDA:1615,409,0,0
BRDA:1615,409,1,0
BRDA:1617,410,0,0
BRDA:1617,410,1,0
BRDA:1625,411,0,0
BRDA:1625,411,1,0
BRDA:1648,412,0,0
BRDA:1648,412,1,0
BRDA:1648,413,0,0
BRDA:1648,413,1,0
BRDA:1657,414,0,0
BRDA:1657,414,1,0
BRDA:1658,415,0,0
BRDA:1658,415,1,0
BRDA:1659,416,0,0
BRDA:1659,416,1,0
BRDA:1662,417,0,0
BRDA:1662,417,1,0
BRDA:1662,417,2,0
BRDA:1677,418,0,0
BRDA:1677,418,1,0
BRDA:1677,418,2,0
BRDA:1677,418,3,0
BRDA:1677,418,4,0
BRDA:1677,418,5,0
BRDA:1677,418,6,0
BRDA:1677,418,7,0
BRDA:1677,418,8,0
BRDA:1677,418,9,0
BRDA:1677,418,10,0
BRDA:1688,419,0,0
BRDA:1688,419,1,0
BRDA:1700,420,0,0
BRDA:1700,420,1,0
BRDA:1700,421,0,0
BRDA:1700,421,1,0
BRDA:1700,421,2,0
BRDA:1700,421,3,0
BRDA:1700,421,4,0
BRDA:1700,421,5,0
BRDA:1700,421,6,0
BRDA:1700,421,7,0
BRDA:1700,421,8,0
BRDA:1738,422,0,0
BRDA:1738,422,1,0
BRDA:1769,423,0,0
BRDA:1769,423,1,0
BRDA:1809,424,0,0
BRDA:1809,424,1,0
BRDA:1810,425,0,0
BRDA:1810,425,1,0
BRDA:1811,426,0,0
BRDA:1811,426,1,0
BRDA:1812,427,0,0
BRDA:1812,427,1,0
BRDA:1814,428,0,0
BRDA:1814,428,1,0
BRDA:1817,429,0,0
BRDA:1817,429,1,0
BRDA:1824,430,0,0
BRDA:1824,430,1,0
BRDA:1832,431,0,0
BRDA:1832,431,1,0
BRDA:1863,432,0,0
BRDA:1863,432,1,0
BRF:914
BRH:0
end_of_record
TN:
SF:backend/controllers/publicController.js
FN:8,isValidEmail
FN:14,(anonymous_1)
FN:27,(anonymous_2)
FN:168,(anonymous_3)
FN:197,(anonymous_4)
FN:216,(anonymous_5)
FN:281,(anonymous_6)
FN:297,(anonymous_7)
FNF:8
FNH:0
FNDA:0,isValidEmail
FNDA:0,(anonymous_1)
FNDA:0,(anonymous_2)
FNDA:0,(anonymous_3)
FNDA:0,(anonymous_4)
FNDA:0,(anonymous_5)
FNDA:0,(anonymous_6)
FNDA:0,(anonymous_7)
DA:1,0
DA:2,0
DA:3,0
DA:4,0
DA:5,0
DA:6,0
DA:9,0
DA:11,0
DA:14,0
DA:15,0
DA:16,0
DA:19,0
DA:21,0
DA:22,0
DA:23,0
DA:24,0
DA:25,0
DA:26,0
DA:27,0
DA:28,0
DA:29,0
DA:30,0
DA:31,0
DA:32,0
DA:33,0
DA:34,0
DA:35,0
DA:36,0
DA:38,0
DA:39,0
DA:41,0
DA:42,0
DA:44,0
DA:45,0
DA:47,0
DA:48,0
DA:50,0
DA:51,0
DA:54,0
DA:55,0
DA:57,0
DA:80,0
DA:82,0
DA:84,0
DA:87,0
DA:89,0
DA:105,0
DA:106,0
DA:107,0
DA:123,0
DA:127,0
DA:128,0
DA:144,0
DA:147,0
DA:168,0
DA:172,0
DA:180,0
DA:189,0
DA:191,0
DA:192,0
DA:197,0
DA:198,0
DA:199,0
DA:200,0
DA:202,0
DA:203,0
DA:205,0
DA:206,0
DA:212,0
DA:216,0
DA:217,0
DA:218,0
DA:221,0
DA:222,0
DA:223,0
DA:225,0
DA:226,0
DA:230,0
DA:231,0
DA:232,0
DA:235,0
DA:242,0
DA:243,0
DA:250,0
DA:251,0
DA:253,0
DA:258,0
DA:259,0
DA:260,0
DA:263,0
DA:264,0
DA:270,0
DA:277,0
DA:282,0
DA:283,0
DA:284,0
DA:286,0
DA:287,0
DA:288,0
DA:289,0
DA:290,0
DA:292,0
DA:293,0
DA:294,0
DA:295,0
DA:296,0
DA:297,0
DA:298,0
DA:300,0
LF:109
LH:0
BRDA:9,0,0,0
BRDA:9,0,1,0
BRDA:16,1,0,0
BRDA:16,1,1,0
BRDA:19,2,0,0
BRDA:19,2,1,0
BRDA:19,3,0,0
BRDA:19,3,1,0
BRDA:21,4,0,0
BRDA:21,4,1,0
BRDA:22,5,0,0
BRDA:22,5,1,0
BRDA:23,6,0,0
BRDA:23,6,1,0
BRDA:24,7,0,0
BRDA:24,7,1,0
BRDA:25,8,0,0
BRDA:25,8,1,0
BRDA:26,9,0,0
BRDA:26,9,1,0
BRDA:27,10,0,0
BRDA:27,10,1,0
BRDA:28,11,0,0
BRDA:28,11,1,0
BRDA:29,12,0,0
BRDA:29,12,1,0
BRDA:30,13,0,0
BRDA:30,13,1,0
BRDA:30,14,0,0
BRDA:30,14,1,0
BRDA:31,15,0,0
BRDA:31,15,1,0
BRDA:32,16,0,0
BRDA:32,16,1,0
BRDA:33,17,0,0
BRDA:33,17,1,0
BRDA:34,18,0,0
BRDA:34,18,1,0
BRDA:35,19,0,0
BRDA:35,19,1,0
BRDA:36,20,0,0
BRDA:36,20,1,0
BRDA:38,21,0,0
BRDA:38,21,1,0
BRDA:38,22,0,0
BRDA:38,22,1,0
BRDA:38,22,2,0
BRDA:41,23,0,0
BRDA:41,23,1,0
BRDA:44,24,0,0
BRDA:44,24,1,0
BRDA:44,25,0,0
BRDA:44,25,1,0
BRDA:47,26,0,0
BRDA:47,26,1,0
BRDA:47,27,0,0
BRDA:47,27,1,0
BRDA:50,28,0,0
BRDA:50,28,1,0
BRDA:50,29,0,0
BRDA:50,29,1,0
BRDA:50,29,2,0
BRDA:54,30,0,0
BRDA:54,30,1,0
BRDA:54,30,2,0
BRDA:55,31,0,0
BRDA:55,31,1,0
BRDA:66,32,0,0
BRDA:66,32,1,0
BRDA:84,33,0,0
BRDA:84,33,1,0
BRDA:92,34,0,0
BRDA:92,34,1,0
BRDA:95,35,0,0
BRDA:95,35,1,0
BRDA:95,36,0,0
BRDA:95,36,1,0
BRDA:95,37,0,0
BRDA:95,37,1,0
BRDA:96,38,0,0
BRDA:96,38,1,0
BRDA:97,39,0,0
BRDA:97,39,1,0
BRDA:98,40,0,0
BRDA:98,40,1,0
BRDA:99,41,0,0
BRDA:99,41,1,0
BRDA:100,42,0,0
BRDA:100,42,1,0
BRDA:101,43,0,0
BRDA:101,43,1,0
BRDA:102,44,0,0
BRDA:102,44,1,0
BRDA:103,45,0,0
BRDA:103,45,1,0
BRDA:134,46,0,0
BRDA:134,46,1,0
BRDA:134,47,0,0
BRDA:134,47,1,0
BRDA:136,48,0,0
BRDA:136,48,1,0
BRDA:136,49,0,0
BRDA:136,49,1,0
BRDA:138,50,0,0
BRDA:138,50,1,0
BRDA:138,51,0,0
BRDA:138,51,1,0
BRDA:139,52,0,0
BRDA:139,52,1,0
BRDA:153,53,0,0
BRDA:153,53,1,0
BRDA:156,54,0,0
BRDA:156,54,1,0
BRDA:156,55,0,0
BRDA:156,55,1,0
BRDA:156,56,0,0
BRDA:156,56,1,0
BRDA:157,57,0,0
BRDA:157,57,1,0
BRDA:158,58,0,0
BRDA:158,58,1,0
BRDA:159,59,0,0
BRDA:159,59,1,0
BRDA:160,60,0,0
BRDA:160,60,1,0
BRDA:161,61,0,0
BRDA:161,61,1,0
BRDA:162,62,0,0
BRDA:162,62,1,0
BRDA:163,63,0,0
BRDA:163,63,1,0
BRDA:164,64,0,0
BRDA:164,64,1,0
BRDA:167,65,0,0
BRDA:167,65,1,0
BRDA:168,66,0,0
BRDA:168,66,1,0
BRDA:168,67,0,0
BRDA:168,67,1,0
BRDA:169,68,0,0
BRDA:169,68,1,0
BRDA:199,69,0,0
BRDA:199,69,1,0
BRDA:200,70,0,0
BRDA:200,70,1,0
BRDA:203,71,0,0
BRDA:203,71,1,0
BRDA:205,72,0,0
BRDA:205,72,1,0
BRDA:208,73,0,0
BRDA:208,73,1,0
BRDA:208,73,2,0
BRDA:209,74,0,0
BRDA:209,74,1,0
BRDA:218,75,0,0
BRDA:218,75,1,0
BRDA:225,76,0,0
BRDA:225,76,1,0
BRDA:225,77,0,0
BRDA:225,77,1,0
BRDA:231,78,0,0
BRDA:231,78,1,0
BRDA:235,79,0,0
BRDA:235,79,1,0
BRDA:242,80,0,0
BRDA:245,81,0,0
BRDA:245,81,1,0
BRDA:245,81,2,0
BRDA:251,82,0,0
BRDA:251,82,1,0
BRDA:263,83,0,0
BRDA:263,83,1,0
BRDA:283,84,0,0
BRDA:283,84,1,0
BRDA:284,85,0,0
BRDA:284,85,1,0
BRDA:287,86,0,0
BRDA:287,86,1,0
BRDA:288,87,0,0
BRDA:288,87,1,0
BRDA:289,88,0,0
BRDA:289,88,1,0
BRDA:290,89,0,0
BRDA:290,89,1,0
BRDA:293,90,0,0
BRDA:293,90,1,0
BRDA:293,91,0,0
BRDA:293,91,1,0
BRF:188
BRH:0
end_of_record
TN:
SF:backend/controllers/uploadController.js
FN:9,(anonymous_0)
FN:27,(anonymous_1)
FNF:2
FNH:0
FNDA:0,(anonymous_0)
FNDA:0,(anonymous_1)
DA:1,0
DA:2,0
DA:3,0
DA:4,0
DA:7,0
DA:9,0
DA:11,0
DA:12,0
DA:14,0
DA:18,0
DA:27,0
DA:28,0
DA:29,0
DA:30,0
DA:33,0
DA:35,0
DA:36,0
DA:40,0
DA:41,0
DA:44,0
DA:45,0
DA:46,0
DA:50,0
DA:51,0
DA:54,0
DA:57,0
DA:63,0
DA:65,0
DA:72,0
DA:73,0
DA:80,0
LF:31
LH:0
BRDA:11,0,0,0
BRDA:11,0,1,0
BRDA:29,1,0,0
BRDA:29,1,1,0
BRDA:35,2,0,0
BRDA:35,2,1,0
BRDA:45,3,0,0
BRDA:45,3,1,0
BRDA:75,4,0,0
BRDA:75,4,1,0
BRF:10
BRH:0
end_of_record
TN:
SF:backend/middleware/auth.js
FN:4,(anonymous_0)
FN:33,(anonymous_1)
FNF:2
FNH:0
FNDA:0,(anonymous_0)
FNDA:0,(anonymous_1)
DA:1,0
DA:2,0
DA:4,0
DA:6,0
DA:7,0
DA:10,0
DA:11,0
DA:14,0
DA:15,0
DA:18,0
DA:19,0
DA:22,0
DA:23,0
DA:24,0
DA:26,0
DA:27,0
DA:28,0
DA:31,0
DA:33,0
DA:34,0
DA:35,0
DA:37,0
DA:38,0
DA:39,0
DA:43,0
DA:47,0
LF:26
LH:0
BRDA:6,0,0,0
BRDA:6,0,1,0
BRDA:10,1,0,0
BRDA:10,1,1,0
BRDA:14,2,0,0
BRDA:14,2,1,0
BRDA:18,3,0,0
BRDA:18,3,1,0
BRDA:24,4,0,0
BRDA:24,4,1,0
BRDA:26,5,0,0
BRDA:26,5,1,0
BRDA:34,6,0,0
BRDA:34,6,1,0
BRDA:38,7,0,0
BRDA:38,7,1,0
BRF:16
BRH:0
end_of_record
TN:
SF:backend/middleware/errorHandler.js
FN:1,(anonymous_0)
FNF:1
FNH:0
FNDA:0,(anonymous_0)
DA:1,0
DA:2,0
DA:3,0
DA:4,0
DA:5,0
DA:8,0
LF:6
LH:0
BRDA:3,0,0,0
BRDA:3,0,1,0
BRDA:4,1,0,0
BRDA:4,1,1,0
BRF:4
BRH:0
end_of_record
TN:
SF:backend/routes/apiRoutes.js
FN:13,(anonymous_0)
FN:15,(anonymous_1)
FN:20,(anonymous_2)
FN:33,(anonymous_3)
FN:35,(anonymous_4)
FN:102,(anonymous_5)
FN:116,(anonymous_6)
FNF:7
FNH:0
FNDA:0,(anonymous_0)
FNDA:0,(anonymous_1)
FNDA:0,(anonymous_2)
FNDA:0,(anonymous_3)
FNDA:0,(anonymous_4)
FNDA:0,(anonymous_5)
FNDA:0,(anonymous_6)
DA:1,0
DA:2,0
DA:3,0
DA:4,0
DA:6,0
DA:7,0
DA:8,0
DA:9,0
DA:10,0
DA:11,0
DA:13,0
DA:14,0
DA:16,0
DA:18,0
DA:20,0
DA:22,0
DA:24,0
DA:25,0
DA:26,0
DA:27,0
DA:28,0
DA:33,0
DA:34,0
DA:35,0
DA:39,0
DA:40,0
DA:41,0
DA:42,0
DA:43,0
DA:44,0
DA:45,0
DA:46,0
DA:48,0
DA:51,0
DA:52,0
DA:53,0
DA:54,0
DA:55,0
DA:58,0
DA:59,0
DA:60,0
DA:61,0
DA:62,0
DA:63,0
DA:64,0
DA:65,0
DA:66,0
DA:67,0
DA:68,0
DA:69,0
DA:70,0
DA:71,0
DA:72,0
DA:75,0
DA:77,0
DA:78,0
DA:79,0
DA:80,0
DA:81,0
DA:82,0
DA:83,0
DA:84,0
DA:85,0
DA:86,0
DA:87,0
DA:88,0
DA:89,0
DA:90,0
DA:91,0
DA:92,0
DA:93,0
DA:94,0
DA:95,0
DA:96,0
DA:97,0
DA:98,0
DA:99,0
DA:100,0
DA:101,0
DA:102,0
DA:103,0
DA:104,0
DA:106,0
DA:107,0
DA:108,0
DA:109,0
DA:110,0
DA:111,0
DA:112,0
DA:113,0
DA:116,0
DA:117,0
DA:120,0
LF:93
LH:0
BRDA:16,0,0,0
BRDA:16,0,1,0
BRDA:20,1,0,0
BRDA:20,1,1,0
BRDA:22,2,0,0
BRDA:22,2,1,0
BRDA:24,3,0,0
BRDA:24,3,1,0
BRDA:26,4,0,0
BRDA:26,4,1,0
BRDA:27,5,0,0
BRDA:27,5,1,0
BRDA:34,6,0,0
BRDA:34,6,1,0
BRF:14
BRH:0
end_of_record
TN:
SF:backend/routes/diagnostics.js
FN:5,(anonymous_0)
FN:10,(anonymous_1)
FN:20,(anonymous_2)
FN:37,(anonymous_3)
FN:44,(anonymous_4)
FN:69,(anonymous_5)
FNF:6
FNH:0
FNDA:0,(anonymous_0)
FNDA:0,(anonymous_1)
FNDA:0,(anonymous_2)
FNDA:0,(anonymous_3)
FNDA:0,(anonymous_4)
FNDA:0,(anonymous_5)
DA:1,0
DA:2,0
DA:3,0
DA:5,0
DA:6,0
DA:7,0
DA:8,0
DA:9,0
DA:10,0
DA:11,0
DA:12,0
DA:13,0
DA:15,0
DA:20,0
DA:21,0
DA:22,0
DA:29,0
DA:37,0
DA:38,0
DA:39,0
DA:40,0
DA:41,0
DA:42,0
DA:44,0
DA:46,0
DA:48,0
DA:50,0
DA:64,0
DA:69,0
DA:70,0
DA:71,0
DA:72,0
DA:73,0
DA:74,0
DA:80,0
DA:81,0
DA:84,0
DA:85,0
DA:87,0
DA:101,0
DA:108,0
LF:41
LH:0
BRDA:7,0,0,0
BRDA:7,0,1,0
BRDA:9,1,0,0
BRDA:9,1,1,0
BRDA:10,2,0,0
BRDA:10,2,1,0
BRDA:11,3,0,0
BRDA:11,3,1,0
BRDA:12,4,0,0
BRDA:12,4,1,0
BRDA:12,5,0,0
BRDA:12,5,1,0
BRDA:26,6,0,0
BRDA:26,6,1,0
BRDA:39,7,0,0
BRDA:39,7,1,0
BRDA:41,8,0,0
BRDA:41,8,1,0
BRDA:44,9,0,0
BRDA:44,9,1,0
BRDA:46,10,0,0
BRDA:46,10,1,0
BRDA:48,11,0,0
BRDA:48,11,1,0
BRDA:48,12,0,0
BRDA:48,12,1,0
BRDA:71,13,0,0
BRDA:71,13,1,0
BRDA:71,13,2,0
BRDA:72,14,0,0
BRDA:72,14,1,0
BRDA:73,15,0,0
BRDA:73,15,1,0
BRDA:73,15,2,0
BRDA:74,16,0,0
BRDA:74,16,1,0
BRDA:76,17,0,0
BRDA:76,17,1,0
BRDA:76,18,0,0
BRDA:76,18,1,0
BRDA:77,19,0,0
BRDA:77,19,1,0
BRDA:77,20,0,0
BRDA:77,20,1,0
BRDA:80,21,0,0
BRDA:80,21,1,0
BRDA:80,22,0,0
BRDA:80,22,1,0
BRDA:80,22,2,0
BRDA:81,23,0,0
BRDA:81,23,1,0
BRDA:91,24,0,0
BRDA:91,24,1,0
BRF:53
BRH:0
end_of_record
